
*** Running vivado
    with args -log chip_top.vdi -applog -m64 -product Vivado -messageDb vivado.pb -mode batch -source chip_top.tcl -notrace


****** Vivado v2019.2 (64-bit)
  **** SW Build 2708876 on Wed Nov  6 21:39:14 MST 2019
  **** IP Build 2700528 on Thu Nov  7 00:09:20 MST 2019
    ** Copyright 1986-2019 Xilinx, Inc. All Rights Reserved.

source chip_top.tcl -notrace
Command: link_design -top chip_top -part xc7a100tfgg484-1
Design is defaulting to srcset: sources_1
Design is defaulting to constrset: constrs_1
INFO: [Device 21-403] Loading part xc7a100tfgg484-1
INFO: [Project 1-454] Reading design checkpoint '/home/wolf/rocket-chip/rocc-accelerator/vivado_project/minisys_with_grh_rocc_64/minisys_with_grh_rocc_64.srcs/sources_1/ip/clk_wiz_0/clk_wiz_0.dcp' for cell 'clk_gen'
INFO: [Project 1-454] Reading design checkpoint '/home/wolf/rocket-chip/rocc-accelerator/vivado_project/minisys_with_grh_rocc_64/minisys_with_grh_rocc_64.srcs/sources_1/ip/Mul8bit/Mul8bit.dcp' for cell 'dut/tile/convAccel/conv2dPE/Mul8bit'
INFO: [Project 1-454] Reading design checkpoint '/home/wolf/rocket-chip/rocc-accelerator/vivado_project/minisys_with_grh_rocc_64/minisys_with_grh_rocc_64.srcs/sources_1/ip/mig_7series_0/mig_7series_0.dcp' for cell 'mem/DDR_ctrl'
INFO: [Project 1-454] Reading design checkpoint '/home/wolf/rocket-chip/rocc-accelerator/vivado_project/minisys_with_grh_rocc_64/minisys_with_grh_rocc_64.srcs/sources_1/ip/axi_clock_converter_0/axi_clock_converter_0.dcp' for cell 'mem/clk_conv'
INFO: [Project 1-454] Reading design checkpoint '/home/wolf/rocket-chip/rocc-accelerator/vivado_project/minisys_with_grh_rocc_64/minisys_with_grh_rocc_64.srcs/sources_1/ip/axi_uart16550_0/axi_uart16550_0.dcp' for cell 'mmio/uart_inst/uart16550_inst'
Netlist sorting complete. Time (s): cpu = 00:00:00.64 ; elapsed = 00:00:00.64 . Memory (MB): peak = 1835.566 ; gain = 4.000 ; free physical = 3673 ; free virtual = 4859
INFO: [Netlist 29-17] Analyzing 7409 Unisim elements for replacement
INFO: [Netlist 29-28] Unisim Transformation completed in 1 CPU seconds
INFO: [Project 1-479] Netlist was created with Vivado 2019.2
INFO: [Project 1-570] Preparing netlist for logic optimization
Parsing XDC File [/home/wolf/rocket-chip/rocc-accelerator/vivado_project/minisys_with_grh_rocc_64/minisys_with_grh_rocc_64.srcs/sources_1/ip/clk_wiz_0/clk_wiz_0_board.xdc] for cell 'clk_gen/inst'
Finished Parsing XDC File [/home/wolf/rocket-chip/rocc-accelerator/vivado_project/minisys_with_grh_rocc_64/minisys_with_grh_rocc_64.srcs/sources_1/ip/clk_wiz_0/clk_wiz_0_board.xdc] for cell 'clk_gen/inst'
Parsing XDC File [/home/wolf/rocket-chip/rocc-accelerator/vivado_project/minisys_with_grh_rocc_64/minisys_with_grh_rocc_64.srcs/sources_1/ip/clk_wiz_0/clk_wiz_0.xdc] for cell 'clk_gen/inst'
INFO: [Timing 38-35] Done setting XDC timing constraints. [/home/wolf/rocket-chip/rocc-accelerator/vivado_project/minisys_with_grh_rocc_64/minisys_with_grh_rocc_64.srcs/sources_1/ip/clk_wiz_0/clk_wiz_0.xdc:57]
INFO: [Timing 38-2] Deriving generated clocks [/home/wolf/rocket-chip/rocc-accelerator/vivado_project/minisys_with_grh_rocc_64/minisys_with_grh_rocc_64.srcs/sources_1/ip/clk_wiz_0/clk_wiz_0.xdc:57]
get_clocks: Time (s): cpu = 00:00:16 ; elapsed = 00:00:11 . Memory (MB): peak = 2746.289 ; gain = 664.789 ; free physical = 2978 ; free virtual = 4234
Finished Parsing XDC File [/home/wolf/rocket-chip/rocc-accelerator/vivado_project/minisys_with_grh_rocc_64/minisys_with_grh_rocc_64.srcs/sources_1/ip/clk_wiz_0/clk_wiz_0.xdc] for cell 'clk_gen/inst'
Parsing XDC File [/home/wolf/rocket-chip/rocc-accelerator/vivado_project/minisys_with_grh_rocc_64/minisys_with_grh_rocc_64.srcs/sources_1/ip/axi_uart16550_0/axi_uart16550_0_board.xdc] for cell 'mmio/uart_inst/uart16550_inst/U0'
Finished Parsing XDC File [/home/wolf/rocket-chip/rocc-accelerator/vivado_project/minisys_with_grh_rocc_64/minisys_with_grh_rocc_64.srcs/sources_1/ip/axi_uart16550_0/axi_uart16550_0_board.xdc] for cell 'mmio/uart_inst/uart16550_inst/U0'
Parsing XDC File [/home/wolf/rocket-chip/rocc-accelerator/vivado_project/minisys_with_grh_rocc_64/minisys_with_grh_rocc_64.srcs/sources_1/ip/axi_uart16550_0/axi_uart16550_0.xdc] for cell 'mmio/uart_inst/uart16550_inst/U0'
Finished Parsing XDC File [/home/wolf/rocket-chip/rocc-accelerator/vivado_project/minisys_with_grh_rocc_64/minisys_with_grh_rocc_64.srcs/sources_1/ip/axi_uart16550_0/axi_uart16550_0.xdc] for cell 'mmio/uart_inst/uart16550_inst/U0'
Parsing XDC File [/home/wolf/rocket-chip/rocc-accelerator/vivado_project/minisys_with_grh_rocc_64/minisys_with_grh_rocc_64.srcs/sources_1/ip/mig_7series_0/mig_7series_0/user_design/constraints/mig_7series_0.xdc] for cell 'mem/DDR_ctrl'
Finished Parsing XDC File [/home/wolf/rocket-chip/rocc-accelerator/vivado_project/minisys_with_grh_rocc_64/minisys_with_grh_rocc_64.srcs/sources_1/ip/mig_7series_0/mig_7series_0/user_design/constraints/mig_7series_0.xdc] for cell 'mem/DDR_ctrl'
Parsing XDC File [/home/wolf/rocket-chip/rocc-accelerator/constraints/Minisys_Board_Pin_Map.xdc]
WARNING: [Vivado 12-584] No ports matched 'sd_poweroff'. [/home/wolf/rocket-chip/rocc-accelerator/constraints/Minisys_Board_Pin_Map.xdc:28]
CRITICAL WARNING: [Common 17-55] 'set_property' expects at least one object. [/home/wolf/rocket-chip/rocc-accelerator/constraints/Minisys_Board_Pin_Map.xdc:28]
Resolution: If [get_<value>] was used to populate the object, check to make sure this command returns at least one valid object.
WARNING: [Vivado 12-584] No ports matched 'spi_sclock'. [/home/wolf/rocket-chip/rocc-accelerator/constraints/Minisys_Board_Pin_Map.xdc:29]
CRITICAL WARNING: [Common 17-55] 'set_property' expects at least one object. [/home/wolf/rocket-chip/rocc-accelerator/constraints/Minisys_Board_Pin_Map.xdc:29]
Resolution: If [get_<value>] was used to populate the object, check to make sure this command returns at least one valid object.
WARNING: [Vivado 12-584] No ports matched 'spi_mosi'. [/home/wolf/rocket-chip/rocc-accelerator/constraints/Minisys_Board_Pin_Map.xdc:30]
CRITICAL WARNING: [Common 17-55] 'set_property' expects at least one object. [/home/wolf/rocket-chip/rocc-accelerator/constraints/Minisys_Board_Pin_Map.xdc:30]
Resolution: If [get_<value>] was used to populate the object, check to make sure this command returns at least one valid object.
WARNING: [Vivado 12-584] No ports matched 'spi_miso'. [/home/wolf/rocket-chip/rocc-accelerator/constraints/Minisys_Board_Pin_Map.xdc:31]
CRITICAL WARNING: [Common 17-55] 'set_property' expects at least one object. [/home/wolf/rocket-chip/rocc-accelerator/constraints/Minisys_Board_Pin_Map.xdc:31]
Resolution: If [get_<value>] was used to populate the object, check to make sure this command returns at least one valid object.
WARNING: [Vivado 12-584] No ports matched 'spi_cs'. [/home/wolf/rocket-chip/rocc-accelerator/constraints/Minisys_Board_Pin_Map.xdc:32]
CRITICAL WARNING: [Common 17-55] 'set_property' expects at least one object. [/home/wolf/rocket-chip/rocc-accelerator/constraints/Minisys_Board_Pin_Map.xdc:32]
Resolution: If [get_<value>] was used to populate the object, check to make sure this command returns at least one valid object.
Finished Parsing XDC File [/home/wolf/rocket-chip/rocc-accelerator/constraints/Minisys_Board_Pin_Map.xdc]
Parsing XDC File [/home/wolf/rocket-chip/rocc-accelerator/vivado_project/minisys_with_grh_rocc_64/minisys_with_grh_rocc_64.srcs/sources_1/ip/axi_clock_converter_0/axi_clock_converter_0_clocks.xdc] for cell 'mem/clk_conv/inst'
INFO: [Timing 38-2] Deriving generated clocks [/home/wolf/rocket-chip/rocc-accelerator/vivado_project/minisys_with_grh_rocc_64/minisys_with_grh_rocc_64.srcs/sources_1/ip/axi_clock_converter_0/axi_clock_converter_0_clocks.xdc:16]
Finished Parsing XDC File [/home/wolf/rocket-chip/rocc-accelerator/vivado_project/minisys_with_grh_rocc_64/minisys_with_grh_rocc_64.srcs/sources_1/ip/axi_clock_converter_0/axi_clock_converter_0_clocks.xdc] for cell 'mem/clk_conv/inst'
Sourcing Tcl File [/home/wolf/Vivado/2019.2/data/ip/xpm/xpm_cdc/tcl/xpm_cdc_async_rst.tcl] for cell 'mem/clk_conv/inst/gen_clock_conv.gen_async_conv.asyncfifo_axi/inst_fifo_gen/gaxi_full_lite.gread_ch.grdch2.axi_rdch/grf.rf/rstblk/ngwrdrst.grst.g7serrst.gnsckt_wrst.gic_rst.rst_rd_reg2_inst'
Finished Sourcing Tcl File [/home/wolf/Vivado/2019.2/data/ip/xpm/xpm_cdc/tcl/xpm_cdc_async_rst.tcl] for cell 'mem/clk_conv/inst/gen_clock_conv.gen_async_conv.asyncfifo_axi/inst_fifo_gen/gaxi_full_lite.gread_ch.grdch2.axi_rdch/grf.rf/rstblk/ngwrdrst.grst.g7serrst.gnsckt_wrst.gic_rst.rst_rd_reg2_inst'
Sourcing Tcl File [/home/wolf/Vivado/2019.2/data/ip/xpm/xpm_cdc/tcl/xpm_cdc_async_rst.tcl] for cell 'mem/clk_conv/inst/gen_clock_conv.gen_async_conv.asyncfifo_axi/inst_fifo_gen/gaxi_full_lite.gwrite_ch.gwrch2.axi_wrch/grf.rf/rstblk/ngwrdrst.grst.g7serrst.gnsckt_wrst.gic_rst.rst_rd_reg2_inst'
Finished Sourcing Tcl File [/home/wolf/Vivado/2019.2/data/ip/xpm/xpm_cdc/tcl/xpm_cdc_async_rst.tcl] for cell 'mem/clk_conv/inst/gen_clock_conv.gen_async_conv.asyncfifo_axi/inst_fifo_gen/gaxi_full_lite.gwrite_ch.gwrch2.axi_wrch/grf.rf/rstblk/ngwrdrst.grst.g7serrst.gnsckt_wrst.gic_rst.rst_rd_reg2_inst'
Sourcing Tcl File [/home/wolf/Vivado/2019.2/data/ip/xpm/xpm_cdc/tcl/xpm_cdc_async_rst.tcl] for cell 'mem/clk_conv/inst/gen_clock_conv.gen_async_conv.asyncfifo_axi/inst_fifo_gen/gaxi_full_lite.gread_ch.grach2.axi_rach/grf.rf/rstblk/ngwrdrst.grst.g7serrst.gnsckt_wrst.rst_wr_reg2_inst'
Finished Sourcing Tcl File [/home/wolf/Vivado/2019.2/data/ip/xpm/xpm_cdc/tcl/xpm_cdc_async_rst.tcl] for cell 'mem/clk_conv/inst/gen_clock_conv.gen_async_conv.asyncfifo_axi/inst_fifo_gen/gaxi_full_lite.gread_ch.grach2.axi_rach/grf.rf/rstblk/ngwrdrst.grst.g7serrst.gnsckt_wrst.rst_wr_reg2_inst'
Sourcing Tcl File [/home/wolf/Vivado/2019.2/data/ip/xpm/xpm_cdc/tcl/xpm_cdc_async_rst.tcl] for cell 'mem/clk_conv/inst/gen_clock_conv.gen_async_conv.asyncfifo_axi/inst_fifo_gen/gaxi_full_lite.gread_ch.grach2.axi_rach/grf.rf/rstblk/ngwrdrst.grst.g7serrst.gnsckt_wrst.gic_rst.rst_rd_reg2_inst'
Finished Sourcing Tcl File [/home/wolf/Vivado/2019.2/data/ip/xpm/xpm_cdc/tcl/xpm_cdc_async_rst.tcl] for cell 'mem/clk_conv/inst/gen_clock_conv.gen_async_conv.asyncfifo_axi/inst_fifo_gen/gaxi_full_lite.gread_ch.grach2.axi_rach/grf.rf/rstblk/ngwrdrst.grst.g7serrst.gnsckt_wrst.gic_rst.rst_rd_reg2_inst'
Sourcing Tcl File [/home/wolf/Vivado/2019.2/data/ip/xpm/xpm_cdc/tcl/xpm_cdc_async_rst.tcl] for cell 'mem/clk_conv/inst/gen_clock_conv.gen_async_conv.asyncfifo_axi/inst_fifo_gen/gaxi_full_lite.gread_ch.grdch2.axi_rdch/grf.rf/rstblk/ngwrdrst.grst.g7serrst.gnsckt_wrst.rst_wr_reg2_inst'
Finished Sourcing Tcl File [/home/wolf/Vivado/2019.2/data/ip/xpm/xpm_cdc/tcl/xpm_cdc_async_rst.tcl] for cell 'mem/clk_conv/inst/gen_clock_conv.gen_async_conv.asyncfifo_axi/inst_fifo_gen/gaxi_full_lite.gread_ch.grdch2.axi_rdch/grf.rf/rstblk/ngwrdrst.grst.g7serrst.gnsckt_wrst.rst_wr_reg2_inst'
Sourcing Tcl File [/home/wolf/Vivado/2019.2/data/ip/xpm/xpm_cdc/tcl/xpm_cdc_async_rst.tcl] for cell 'mem/clk_conv/inst/gen_clock_conv.gen_async_conv.asyncfifo_axi/inst_fifo_gen/gaxi_full_lite.gwrite_ch.gwach2.axi_wach/grf.rf/rstblk/ngwrdrst.grst.g7serrst.gnsckt_wrst.rst_wr_reg2_inst'
Finished Sourcing Tcl File [/home/wolf/Vivado/2019.2/data/ip/xpm/xpm_cdc/tcl/xpm_cdc_async_rst.tcl] for cell 'mem/clk_conv/inst/gen_clock_conv.gen_async_conv.asyncfifo_axi/inst_fifo_gen/gaxi_full_lite.gwrite_ch.gwach2.axi_wach/grf.rf/rstblk/ngwrdrst.grst.g7serrst.gnsckt_wrst.rst_wr_reg2_inst'
Sourcing Tcl File [/home/wolf/Vivado/2019.2/data/ip/xpm/xpm_cdc/tcl/xpm_cdc_async_rst.tcl] for cell 'mem/clk_conv/inst/gen_clock_conv.gen_async_conv.asyncfifo_axi/inst_fifo_gen/gaxi_full_lite.gwrite_ch.gwach2.axi_wach/grf.rf/rstblk/ngwrdrst.grst.g7serrst.gnsckt_wrst.gic_rst.rst_rd_reg2_inst'
Finished Sourcing Tcl File [/home/wolf/Vivado/2019.2/data/ip/xpm/xpm_cdc/tcl/xpm_cdc_async_rst.tcl] for cell 'mem/clk_conv/inst/gen_clock_conv.gen_async_conv.asyncfifo_axi/inst_fifo_gen/gaxi_full_lite.gwrite_ch.gwach2.axi_wach/grf.rf/rstblk/ngwrdrst.grst.g7serrst.gnsckt_wrst.gic_rst.rst_rd_reg2_inst'
Sourcing Tcl File [/home/wolf/Vivado/2019.2/data/ip/xpm/xpm_cdc/tcl/xpm_cdc_async_rst.tcl] for cell 'mem/clk_conv/inst/gen_clock_conv.gen_async_conv.asyncfifo_axi/inst_fifo_gen/gaxi_full_lite.gwrite_ch.gwdch2.axi_wdch/grf.rf/rstblk/ngwrdrst.grst.g7serrst.gnsckt_wrst.rst_wr_reg2_inst'
Finished Sourcing Tcl File [/home/wolf/Vivado/2019.2/data/ip/xpm/xpm_cdc/tcl/xpm_cdc_async_rst.tcl] for cell 'mem/clk_conv/inst/gen_clock_conv.gen_async_conv.asyncfifo_axi/inst_fifo_gen/gaxi_full_lite.gwrite_ch.gwdch2.axi_wdch/grf.rf/rstblk/ngwrdrst.grst.g7serrst.gnsckt_wrst.rst_wr_reg2_inst'
Sourcing Tcl File [/home/wolf/Vivado/2019.2/data/ip/xpm/xpm_cdc/tcl/xpm_cdc_async_rst.tcl] for cell 'mem/clk_conv/inst/gen_clock_conv.gen_async_conv.asyncfifo_axi/inst_fifo_gen/gaxi_full_lite.gwrite_ch.gwdch2.axi_wdch/grf.rf/rstblk/ngwrdrst.grst.g7serrst.gnsckt_wrst.gic_rst.rst_rd_reg2_inst'
Finished Sourcing Tcl File [/home/wolf/Vivado/2019.2/data/ip/xpm/xpm_cdc/tcl/xpm_cdc_async_rst.tcl] for cell 'mem/clk_conv/inst/gen_clock_conv.gen_async_conv.asyncfifo_axi/inst_fifo_gen/gaxi_full_lite.gwrite_ch.gwdch2.axi_wdch/grf.rf/rstblk/ngwrdrst.grst.g7serrst.gnsckt_wrst.gic_rst.rst_rd_reg2_inst'
Sourcing Tcl File [/home/wolf/Vivado/2019.2/data/ip/xpm/xpm_cdc/tcl/xpm_cdc_async_rst.tcl] for cell 'mem/clk_conv/inst/gen_clock_conv.gen_async_conv.asyncfifo_axi/inst_fifo_gen/gaxi_full_lite.gwrite_ch.gwrch2.axi_wrch/grf.rf/rstblk/ngwrdrst.grst.g7serrst.gnsckt_wrst.rst_wr_reg2_inst'
Finished Sourcing Tcl File [/home/wolf/Vivado/2019.2/data/ip/xpm/xpm_cdc/tcl/xpm_cdc_async_rst.tcl] for cell 'mem/clk_conv/inst/gen_clock_conv.gen_async_conv.asyncfifo_axi/inst_fifo_gen/gaxi_full_lite.gwrite_ch.gwrch2.axi_wrch/grf.rf/rstblk/ngwrdrst.grst.g7serrst.gnsckt_wrst.rst_wr_reg2_inst'
Sourcing Tcl File [/home/wolf/Vivado/2019.2/data/ip/xpm/xpm_cdc/tcl/xpm_cdc_gray.tcl] for cell 'mem/clk_conv/inst/gen_clock_conv.gen_async_conv.asyncfifo_axi/inst_fifo_gen/gaxi_full_lite.gread_ch.grdch2.axi_rdch/grf.rf/gntv_or_sync_fifo.gcx.clkx/rd_pntr_cdc_inst'
Finished Sourcing Tcl File [/home/wolf/Vivado/2019.2/data/ip/xpm/xpm_cdc/tcl/xpm_cdc_gray.tcl] for cell 'mem/clk_conv/inst/gen_clock_conv.gen_async_conv.asyncfifo_axi/inst_fifo_gen/gaxi_full_lite.gread_ch.grdch2.axi_rdch/grf.rf/gntv_or_sync_fifo.gcx.clkx/rd_pntr_cdc_inst'
Sourcing Tcl File [/home/wolf/Vivado/2019.2/data/ip/xpm/xpm_cdc/tcl/xpm_cdc_gray.tcl] for cell 'mem/clk_conv/inst/gen_clock_conv.gen_async_conv.asyncfifo_axi/inst_fifo_gen/gaxi_full_lite.gwrite_ch.gwach2.axi_wach/grf.rf/gntv_or_sync_fifo.gcx.clkx/wr_pntr_cdc_inst'
Finished Sourcing Tcl File [/home/wolf/Vivado/2019.2/data/ip/xpm/xpm_cdc/tcl/xpm_cdc_gray.tcl] for cell 'mem/clk_conv/inst/gen_clock_conv.gen_async_conv.asyncfifo_axi/inst_fifo_gen/gaxi_full_lite.gwrite_ch.gwach2.axi_wach/grf.rf/gntv_or_sync_fifo.gcx.clkx/wr_pntr_cdc_inst'
Sourcing Tcl File [/home/wolf/Vivado/2019.2/data/ip/xpm/xpm_cdc/tcl/xpm_cdc_gray.tcl] for cell 'mem/clk_conv/inst/gen_clock_conv.gen_async_conv.asyncfifo_axi/inst_fifo_gen/gaxi_full_lite.gwrite_ch.gwach2.axi_wach/grf.rf/gntv_or_sync_fifo.gcx.clkx/rd_pntr_cdc_inst'
Finished Sourcing Tcl File [/home/wolf/Vivado/2019.2/data/ip/xpm/xpm_cdc/tcl/xpm_cdc_gray.tcl] for cell 'mem/clk_conv/inst/gen_clock_conv.gen_async_conv.asyncfifo_axi/inst_fifo_gen/gaxi_full_lite.gwrite_ch.gwach2.axi_wach/grf.rf/gntv_or_sync_fifo.gcx.clkx/rd_pntr_cdc_inst'
Sourcing Tcl File [/home/wolf/Vivado/2019.2/data/ip/xpm/xpm_cdc/tcl/xpm_cdc_gray.tcl] for cell 'mem/clk_conv/inst/gen_clock_conv.gen_async_conv.asyncfifo_axi/inst_fifo_gen/gaxi_full_lite.gwrite_ch.gwdch2.axi_wdch/grf.rf/gntv_or_sync_fifo.gcx.clkx/wr_pntr_cdc_inst'
Finished Sourcing Tcl File [/home/wolf/Vivado/2019.2/data/ip/xpm/xpm_cdc/tcl/xpm_cdc_gray.tcl] for cell 'mem/clk_conv/inst/gen_clock_conv.gen_async_conv.asyncfifo_axi/inst_fifo_gen/gaxi_full_lite.gwrite_ch.gwdch2.axi_wdch/grf.rf/gntv_or_sync_fifo.gcx.clkx/wr_pntr_cdc_inst'
Sourcing Tcl File [/home/wolf/Vivado/2019.2/data/ip/xpm/xpm_cdc/tcl/xpm_cdc_gray.tcl] for cell 'mem/clk_conv/inst/gen_clock_conv.gen_async_conv.asyncfifo_axi/inst_fifo_gen/gaxi_full_lite.gwrite_ch.gwdch2.axi_wdch/grf.rf/gntv_or_sync_fifo.gcx.clkx/rd_pntr_cdc_inst'
Finished Sourcing Tcl File [/home/wolf/Vivado/2019.2/data/ip/xpm/xpm_cdc/tcl/xpm_cdc_gray.tcl] for cell 'mem/clk_conv/inst/gen_clock_conv.gen_async_conv.asyncfifo_axi/inst_fifo_gen/gaxi_full_lite.gwrite_ch.gwdch2.axi_wdch/grf.rf/gntv_or_sync_fifo.gcx.clkx/rd_pntr_cdc_inst'
Sourcing Tcl File [/home/wolf/Vivado/2019.2/data/ip/xpm/xpm_cdc/tcl/xpm_cdc_gray.tcl] for cell 'mem/clk_conv/inst/gen_clock_conv.gen_async_conv.asyncfifo_axi/inst_fifo_gen/gaxi_full_lite.gwrite_ch.gwrch2.axi_wrch/grf.rf/gntv_or_sync_fifo.gcx.clkx/wr_pntr_cdc_inst'
Finished Sourcing Tcl File [/home/wolf/Vivado/2019.2/data/ip/xpm/xpm_cdc/tcl/xpm_cdc_gray.tcl] for cell 'mem/clk_conv/inst/gen_clock_conv.gen_async_conv.asyncfifo_axi/inst_fifo_gen/gaxi_full_lite.gwrite_ch.gwrch2.axi_wrch/grf.rf/gntv_or_sync_fifo.gcx.clkx/wr_pntr_cdc_inst'
Sourcing Tcl File [/home/wolf/Vivado/2019.2/data/ip/xpm/xpm_cdc/tcl/xpm_cdc_gray.tcl] for cell 'mem/clk_conv/inst/gen_clock_conv.gen_async_conv.asyncfifo_axi/inst_fifo_gen/gaxi_full_lite.gwrite_ch.gwrch2.axi_wrch/grf.rf/gntv_or_sync_fifo.gcx.clkx/rd_pntr_cdc_inst'
Finished Sourcing Tcl File [/home/wolf/Vivado/2019.2/data/ip/xpm/xpm_cdc/tcl/xpm_cdc_gray.tcl] for cell 'mem/clk_conv/inst/gen_clock_conv.gen_async_conv.asyncfifo_axi/inst_fifo_gen/gaxi_full_lite.gwrite_ch.gwrch2.axi_wrch/grf.rf/gntv_or_sync_fifo.gcx.clkx/rd_pntr_cdc_inst'
Sourcing Tcl File [/home/wolf/Vivado/2019.2/data/ip/xpm/xpm_cdc/tcl/xpm_cdc_gray.tcl] for cell 'mem/clk_conv/inst/gen_clock_conv.gen_async_conv.asyncfifo_axi/inst_fifo_gen/gaxi_full_lite.gread_ch.grach2.axi_rach/grf.rf/gntv_or_sync_fifo.gcx.clkx/wr_pntr_cdc_inst'
Finished Sourcing Tcl File [/home/wolf/Vivado/2019.2/data/ip/xpm/xpm_cdc/tcl/xpm_cdc_gray.tcl] for cell 'mem/clk_conv/inst/gen_clock_conv.gen_async_conv.asyncfifo_axi/inst_fifo_gen/gaxi_full_lite.gread_ch.grach2.axi_rach/grf.rf/gntv_or_sync_fifo.gcx.clkx/wr_pntr_cdc_inst'
Sourcing Tcl File [/home/wolf/Vivado/2019.2/data/ip/xpm/xpm_cdc/tcl/xpm_cdc_gray.tcl] for cell 'mem/clk_conv/inst/gen_clock_conv.gen_async_conv.asyncfifo_axi/inst_fifo_gen/gaxi_full_lite.gread_ch.grach2.axi_rach/grf.rf/gntv_or_sync_fifo.gcx.clkx/rd_pntr_cdc_inst'
Finished Sourcing Tcl File [/home/wolf/Vivado/2019.2/data/ip/xpm/xpm_cdc/tcl/xpm_cdc_gray.tcl] for cell 'mem/clk_conv/inst/gen_clock_conv.gen_async_conv.asyncfifo_axi/inst_fifo_gen/gaxi_full_lite.gread_ch.grach2.axi_rach/grf.rf/gntv_or_sync_fifo.gcx.clkx/rd_pntr_cdc_inst'
Sourcing Tcl File [/home/wolf/Vivado/2019.2/data/ip/xpm/xpm_cdc/tcl/xpm_cdc_gray.tcl] for cell 'mem/clk_conv/inst/gen_clock_conv.gen_async_conv.asyncfifo_axi/inst_fifo_gen/gaxi_full_lite.gread_ch.grdch2.axi_rdch/grf.rf/gntv_or_sync_fifo.gcx.clkx/wr_pntr_cdc_inst'
Finished Sourcing Tcl File [/home/wolf/Vivado/2019.2/data/ip/xpm/xpm_cdc/tcl/xpm_cdc_gray.tcl] for cell 'mem/clk_conv/inst/gen_clock_conv.gen_async_conv.asyncfifo_axi/inst_fifo_gen/gaxi_full_lite.gread_ch.grdch2.axi_rdch/grf.rf/gntv_or_sync_fifo.gcx.clkx/wr_pntr_cdc_inst'
Sourcing Tcl File [/home/wolf/Vivado/2019.2/data/ip/xpm/xpm_cdc/tcl/xpm_cdc_single.tcl] for cell 'mem/clk_conv/inst/gen_clock_conv.gen_async_conv.asyncfifo_axi/inst_fifo_gen/gaxi_full_lite.gread_ch.grach2.cdc_wr_rst_busy_ic_3.xpm_cdc_single_inst3'
Finished Sourcing Tcl File [/home/wolf/Vivado/2019.2/data/ip/xpm/xpm_cdc/tcl/xpm_cdc_single.tcl] for cell 'mem/clk_conv/inst/gen_clock_conv.gen_async_conv.asyncfifo_axi/inst_fifo_gen/gaxi_full_lite.gread_ch.grach2.cdc_wr_rst_busy_ic_3.xpm_cdc_single_inst3'
Sourcing Tcl File [/home/wolf/Vivado/2019.2/data/ip/xpm/xpm_cdc/tcl/xpm_cdc_single.tcl] for cell 'mem/clk_conv/inst/gen_clock_conv.gen_async_conv.asyncfifo_axi/inst_fifo_gen/gaxi_full_lite.gwrite_ch.gwach2.cdc_wr_rst_busy_ic_1.xpm_cdc_single_inst1'
Finished Sourcing Tcl File [/home/wolf/Vivado/2019.2/data/ip/xpm/xpm_cdc/tcl/xpm_cdc_single.tcl] for cell 'mem/clk_conv/inst/gen_clock_conv.gen_async_conv.asyncfifo_axi/inst_fifo_gen/gaxi_full_lite.gwrite_ch.gwach2.cdc_wr_rst_busy_ic_1.xpm_cdc_single_inst1'
Sourcing Tcl File [/home/wolf/Vivado/2019.2/data/ip/xpm/xpm_cdc/tcl/xpm_cdc_single.tcl] for cell 'mem/clk_conv/inst/gen_clock_conv.gen_async_conv.asyncfifo_axi/inst_fifo_gen/gaxi_full_lite.gwrite_ch.gwdch2.cdc_wr_rst_busy_ic_2.xpm_cdc_single_inst2'
Finished Sourcing Tcl File [/home/wolf/Vivado/2019.2/data/ip/xpm/xpm_cdc/tcl/xpm_cdc_single.tcl] for cell 'mem/clk_conv/inst/gen_clock_conv.gen_async_conv.asyncfifo_axi/inst_fifo_gen/gaxi_full_lite.gwrite_ch.gwdch2.cdc_wr_rst_busy_ic_2.xpm_cdc_single_inst2'
Sourcing Tcl File [/home/wolf/Vivado/2019.2/data/ip/xpm/xpm_cdc/tcl/xpm_cdc_single.tcl] for cell 'mem/clk_conv/inst/gen_clock_conv.gen_async_conv.asyncfifo_axi/inst_fifo_gen/gaxi_full_lite.gread_ch.grdch2.axi_rdch/grf.rf/rstblk/ngwrdrst.grst.g7serrst.gnsckt_wrst.gic_rst.xpm_cdc_single_inst_rrst_wr'
Finished Sourcing Tcl File [/home/wolf/Vivado/2019.2/data/ip/xpm/xpm_cdc/tcl/xpm_cdc_single.tcl] for cell 'mem/clk_conv/inst/gen_clock_conv.gen_async_conv.asyncfifo_axi/inst_fifo_gen/gaxi_full_lite.gread_ch.grdch2.axi_rdch/grf.rf/rstblk/ngwrdrst.grst.g7serrst.gnsckt_wrst.gic_rst.xpm_cdc_single_inst_rrst_wr'
Sourcing Tcl File [/home/wolf/Vivado/2019.2/data/ip/xpm/xpm_cdc/tcl/xpm_cdc_single.tcl] for cell 'mem/clk_conv/inst/gen_clock_conv.gen_async_conv.asyncfifo_axi/inst_fifo_gen/gaxi_full_lite.gwrite_ch.gwach2.axi_wach/grf.rf/rstblk/ngwrdrst.grst.g7serrst.gnsckt_wrst.gic_rst.xpm_cdc_single_inst_wrst_rd'
Finished Sourcing Tcl File [/home/wolf/Vivado/2019.2/data/ip/xpm/xpm_cdc/tcl/xpm_cdc_single.tcl] for cell 'mem/clk_conv/inst/gen_clock_conv.gen_async_conv.asyncfifo_axi/inst_fifo_gen/gaxi_full_lite.gwrite_ch.gwach2.axi_wach/grf.rf/rstblk/ngwrdrst.grst.g7serrst.gnsckt_wrst.gic_rst.xpm_cdc_single_inst_wrst_rd'
Sourcing Tcl File [/home/wolf/Vivado/2019.2/data/ip/xpm/xpm_cdc/tcl/xpm_cdc_single.tcl] for cell 'mem/clk_conv/inst/gen_clock_conv.gen_async_conv.asyncfifo_axi/inst_fifo_gen/gaxi_full_lite.gwrite_ch.gwach2.axi_wach/grf.rf/rstblk/ngwrdrst.grst.g7serrst.gnsckt_wrst.gic_rst.xpm_cdc_single_inst_rrst_wr'
Finished Sourcing Tcl File [/home/wolf/Vivado/2019.2/data/ip/xpm/xpm_cdc/tcl/xpm_cdc_single.tcl] for cell 'mem/clk_conv/inst/gen_clock_conv.gen_async_conv.asyncfifo_axi/inst_fifo_gen/gaxi_full_lite.gwrite_ch.gwach2.axi_wach/grf.rf/rstblk/ngwrdrst.grst.g7serrst.gnsckt_wrst.gic_rst.xpm_cdc_single_inst_rrst_wr'
Sourcing Tcl File [/home/wolf/Vivado/2019.2/data/ip/xpm/xpm_cdc/tcl/xpm_cdc_single.tcl] for cell 'mem/clk_conv/inst/gen_clock_conv.gen_async_conv.asyncfifo_axi/inst_fifo_gen/gaxi_full_lite.gwrite_ch.gwdch2.axi_wdch/grf.rf/rstblk/ngwrdrst.grst.g7serrst.gnsckt_wrst.gic_rst.xpm_cdc_single_inst_wrst_rd'
Finished Sourcing Tcl File [/home/wolf/Vivado/2019.2/data/ip/xpm/xpm_cdc/tcl/xpm_cdc_single.tcl] for cell 'mem/clk_conv/inst/gen_clock_conv.gen_async_conv.asyncfifo_axi/inst_fifo_gen/gaxi_full_lite.gwrite_ch.gwdch2.axi_wdch/grf.rf/rstblk/ngwrdrst.grst.g7serrst.gnsckt_wrst.gic_rst.xpm_cdc_single_inst_wrst_rd'
Sourcing Tcl File [/home/wolf/Vivado/2019.2/data/ip/xpm/xpm_cdc/tcl/xpm_cdc_single.tcl] for cell 'mem/clk_conv/inst/gen_clock_conv.gen_async_conv.asyncfifo_axi/inst_fifo_gen/gaxi_full_lite.gwrite_ch.gwdch2.axi_wdch/grf.rf/rstblk/ngwrdrst.grst.g7serrst.gnsckt_wrst.gic_rst.xpm_cdc_single_inst_rrst_wr'
Finished Sourcing Tcl File [/home/wolf/Vivado/2019.2/data/ip/xpm/xpm_cdc/tcl/xpm_cdc_single.tcl] for cell 'mem/clk_conv/inst/gen_clock_conv.gen_async_conv.asyncfifo_axi/inst_fifo_gen/gaxi_full_lite.gwrite_ch.gwdch2.axi_wdch/grf.rf/rstblk/ngwrdrst.grst.g7serrst.gnsckt_wrst.gic_rst.xpm_cdc_single_inst_rrst_wr'
Sourcing Tcl File [/home/wolf/Vivado/2019.2/data/ip/xpm/xpm_cdc/tcl/xpm_cdc_single.tcl] for cell 'mem/clk_conv/inst/gen_clock_conv.gen_async_conv.asyncfifo_axi/inst_fifo_gen/gaxi_full_lite.gwrite_ch.gwrch2.axi_wrch/grf.rf/rstblk/ngwrdrst.grst.g7serrst.gnsckt_wrst.gic_rst.xpm_cdc_single_inst_wrst_rd'
Finished Sourcing Tcl File [/home/wolf/Vivado/2019.2/data/ip/xpm/xpm_cdc/tcl/xpm_cdc_single.tcl] for cell 'mem/clk_conv/inst/gen_clock_conv.gen_async_conv.asyncfifo_axi/inst_fifo_gen/gaxi_full_lite.gwrite_ch.gwrch2.axi_wrch/grf.rf/rstblk/ngwrdrst.grst.g7serrst.gnsckt_wrst.gic_rst.xpm_cdc_single_inst_wrst_rd'
Sourcing Tcl File [/home/wolf/Vivado/2019.2/data/ip/xpm/xpm_cdc/tcl/xpm_cdc_single.tcl] for cell 'mem/clk_conv/inst/gen_clock_conv.gen_async_conv.asyncfifo_axi/inst_fifo_gen/gaxi_full_lite.gwrite_ch.gwrch2.axi_wrch/grf.rf/rstblk/ngwrdrst.grst.g7serrst.gnsckt_wrst.gic_rst.xpm_cdc_single_inst_rrst_wr'
Finished Sourcing Tcl File [/home/wolf/Vivado/2019.2/data/ip/xpm/xpm_cdc/tcl/xpm_cdc_single.tcl] for cell 'mem/clk_conv/inst/gen_clock_conv.gen_async_conv.asyncfifo_axi/inst_fifo_gen/gaxi_full_lite.gwrite_ch.gwrch2.axi_wrch/grf.rf/rstblk/ngwrdrst.grst.g7serrst.gnsckt_wrst.gic_rst.xpm_cdc_single_inst_rrst_wr'
Sourcing Tcl File [/home/wolf/Vivado/2019.2/data/ip/xpm/xpm_cdc/tcl/xpm_cdc_single.tcl] for cell 'mem/clk_conv/inst/gen_clock_conv.gen_async_conv.asyncfifo_axi/inst_fifo_gen/gaxi_full_lite.gread_ch.grach2.axi_rach/grf.rf/rstblk/ngwrdrst.grst.g7serrst.gnsckt_wrst.gic_rst.xpm_cdc_single_inst_wrst_rd'
Finished Sourcing Tcl File [/home/wolf/Vivado/2019.2/data/ip/xpm/xpm_cdc/tcl/xpm_cdc_single.tcl] for cell 'mem/clk_conv/inst/gen_clock_conv.gen_async_conv.asyncfifo_axi/inst_fifo_gen/gaxi_full_lite.gread_ch.grach2.axi_rach/grf.rf/rstblk/ngwrdrst.grst.g7serrst.gnsckt_wrst.gic_rst.xpm_cdc_single_inst_wrst_rd'
Sourcing Tcl File [/home/wolf/Vivado/2019.2/data/ip/xpm/xpm_cdc/tcl/xpm_cdc_single.tcl] for cell 'mem/clk_conv/inst/gen_clock_conv.gen_async_conv.asyncfifo_axi/inst_fifo_gen/gaxi_full_lite.gread_ch.grach2.axi_rach/grf.rf/rstblk/ngwrdrst.grst.g7serrst.gnsckt_wrst.gic_rst.xpm_cdc_single_inst_rrst_wr'
Finished Sourcing Tcl File [/home/wolf/Vivado/2019.2/data/ip/xpm/xpm_cdc/tcl/xpm_cdc_single.tcl] for cell 'mem/clk_conv/inst/gen_clock_conv.gen_async_conv.asyncfifo_axi/inst_fifo_gen/gaxi_full_lite.gread_ch.grach2.axi_rach/grf.rf/rstblk/ngwrdrst.grst.g7serrst.gnsckt_wrst.gic_rst.xpm_cdc_single_inst_rrst_wr'
Sourcing Tcl File [/home/wolf/Vivado/2019.2/data/ip/xpm/xpm_cdc/tcl/xpm_cdc_single.tcl] for cell 'mem/clk_conv/inst/gen_clock_conv.gen_async_conv.asyncfifo_axi/inst_fifo_gen/gaxi_full_lite.gread_ch.grdch2.axi_rdch/grf.rf/rstblk/ngwrdrst.grst.g7serrst.gnsckt_wrst.gic_rst.xpm_cdc_single_inst_wrst_rd'
Finished Sourcing Tcl File [/home/wolf/Vivado/2019.2/data/ip/xpm/xpm_cdc/tcl/xpm_cdc_single.tcl] for cell 'mem/clk_conv/inst/gen_clock_conv.gen_async_conv.asyncfifo_axi/inst_fifo_gen/gaxi_full_lite.gread_ch.grdch2.axi_rdch/grf.rf/rstblk/ngwrdrst.grst.g7serrst.gnsckt_wrst.gic_rst.xpm_cdc_single_inst_wrst_rd'
INFO: [Opt 31-138] Pushed 0 inverter(s) to 0 load pin(s).
Netlist sorting complete. Time (s): cpu = 00:00:00.01 ; elapsed = 00:00:00.01 . Memory (MB): peak = 2779.250 ; gain = 0.000 ; free physical = 3084 ; free virtual = 4339
INFO: [Project 1-111] Unisim Transformation Summary:
  A total of 1878 instances were transformed.
  IOBUF => IOBUF (IBUF, OBUFT): 16 instances
  IOBUFDS_DIFF_OUT_INTERMDISABLE => IOBUFDS_DIFF_OUT_INTERMDISABLE (IBUFDS_INTERMDISABLE_INT(x2), INV, OBUFTDS(x2)): 2 instances
  LUT6_2 => LUT6_2 (LUT5, LUT6): 24 instances
  OBUFDS => OBUFDS_DUAL_BUF (INV, OBUFDS(x2)): 1 instance 
  RAM128X1D => RAM128X1D (MUXF7(x2), RAMD64E(x4)): 1028 instances
  RAM16X1D => RAM32X1D (RAMD32(x2)): 53 instances
  RAM32M => RAM32M (RAMD32(x6), RAMS32(x2)): 582 instances
  RAM64X1D => RAM64X1D (RAMD64E(x2)): 172 instances

15 Infos, 5 Warnings, 5 Critical Warnings and 0 Errors encountered.
link_design completed successfully
link_design: Time (s): cpu = 00:00:40 ; elapsed = 00:00:38 . Memory (MB): peak = 2779.250 ; gain = 1320.371 ; free physical = 3084 ; free virtual = 4339
Command: opt_design
Attempting to get a license for feature 'Implementation' and/or device 'xc7a100t'
INFO: [Common 17-349] Got license for feature 'Implementation' and/or device 'xc7a100t'
Running DRC as a precondition to command opt_design

Starting DRC Task
INFO: [DRC 23-27] Running DRC with 8 threads
INFO: [Project 1-461] DRC finished with 0 Errors
INFO: [Project 1-462] Please refer to the DRC report (report_drc) for more information.

Time (s): cpu = 00:00:02 ; elapsed = 00:00:01 . Memory (MB): peak = 2843.281 ; gain = 64.031 ; free physical = 3080 ; free virtual = 4336

Starting Cache Timing Information Task
INFO: [Timing 38-35] Done setting XDC timing constraints.
Ending Cache Timing Information Task | Checksum: 163fd3b00

Time (s): cpu = 00:00:06 ; elapsed = 00:00:02 . Memory (MB): peak = 2843.281 ; gain = 0.000 ; free physical = 2960 ; free virtual = 4217

Starting Logic Optimization Task

Phase 1 Retarget
INFO: [Opt 31-138] Pushed 3 inverter(s) to 8 load pin(s).
CRITICAL WARNING: [Opt 31-430] Found a FDRE that its data pin is undriven. Driver is required to prevent unexpected behavior:mmio/uart_inst/uart16550_inst/U0/XUART_I_1/UART16550_I_1/ctsN_d_reg
INFO: [Opt 31-49] Retargeted 0 cell(s).
Phase 1 Retarget | Checksum: 201ec6bff

Time (s): cpu = 00:00:13 ; elapsed = 00:00:04 . Memory (MB): peak = 2924.266 ; gain = 11.000 ; free physical = 2900 ; free virtual = 4158
INFO: [Opt 31-389] Phase Retarget created 37 cells and removed 196 cells
INFO: [Opt 31-1021] In phase Retarget, 33 netlist objects are constrained preventing optimization. Please run opt_design with -debug_log to get more detail. 

Phase 2 Constant propagation
CRITICAL WARNING: [Opt 31-430] Found a FDRE that its data pin is undriven. Driver is required to prevent unexpected behavior:mmio/uart_inst/uart16550_inst/U0/XUART_I_1/UART16550_I_1/ctsN_d_reg
INFO: [Opt 31-138] Pushed 0 inverter(s) to 0 load pin(s).
Phase 2 Constant propagation | Checksum: 1583ab84f

Time (s): cpu = 00:00:14 ; elapsed = 00:00:05 . Memory (MB): peak = 2924.266 ; gain = 11.000 ; free physical = 2899 ; free virtual = 4158
INFO: [Opt 31-389] Phase Constant propagation created 14 cells and removed 56 cells
INFO: [Opt 31-1021] In phase Constant propagation, 30 netlist objects are constrained preventing optimization. Please run opt_design with -debug_log to get more detail. 

Phase 3 Sweep
CRITICAL WARNING: [Opt 31-430] Found a FDRE that its data pin is undriven. Driver is required to prevent unexpected behavior:mmio/uart_inst/uart16550_inst/U0/XUART_I_1/UART16550_I_1/ctsN_d_reg
Phase 3 Sweep | Checksum: 1c0f1e766

Time (s): cpu = 00:00:16 ; elapsed = 00:00:07 . Memory (MB): peak = 2924.266 ; gain = 11.000 ; free physical = 2907 ; free virtual = 4165
INFO: [Opt 31-389] Phase Sweep created 1 cells and removed 397 cells
INFO: [Opt 31-1021] In phase Sweep, 150 netlist objects are constrained preventing optimization. Please run opt_design with -debug_log to get more detail. 

Phase 4 BUFG optimization
INFO: [Opt 31-193] Inserted 1 BUFG(s) on clock nets
INFO: [Opt 31-1112] Starts optimizing BUFG(s) with a common MMCM/DPLL/XPLL driver.
INFO: [Opt 31-1112] Starts optimizing BUFG(s) with a common driver.
INFO: [Opt 31-1092] Phase BUFG optimization transformed 0 BUFG(s) to MBUFG(s).
Phase 4 BUFG optimization | Checksum: 1bebef30c

Time (s): cpu = 00:00:17 ; elapsed = 00:00:08 . Memory (MB): peak = 2924.266 ; gain = 11.000 ; free physical = 2910 ; free virtual = 4168
INFO: [Opt 31-662] Phase BUFG optimization created 0 cells of which 0 are BUFGs and removed 0 cells.

Phase 5 Shift Register Optimization
INFO: [Opt 31-1064] SRL Remap converted 0 SRLs to 0 registers and converted 0 registers of register chains to 0 SRLs
Phase 5 Shift Register Optimization | Checksum: 1bebef30c

Time (s): cpu = 00:00:18 ; elapsed = 00:00:09 . Memory (MB): peak = 2924.266 ; gain = 11.000 ; free physical = 2910 ; free virtual = 4168
INFO: [Opt 31-389] Phase Shift Register Optimization created 0 cells and removed 0 cells

Phase 6 Post Processing Netlist
Phase 6 Post Processing Netlist | Checksum: 13709ae8b

Time (s): cpu = 00:00:18 ; elapsed = 00:00:09 . Memory (MB): peak = 2924.266 ; gain = 11.000 ; free physical = 2910 ; free virtual = 4168
INFO: [Opt 31-389] Phase Post Processing Netlist created 0 cells and removed 1 cells
INFO: [Opt 31-1021] In phase Post Processing Netlist, 45 netlist objects are constrained preventing optimization. Please run opt_design with -debug_log to get more detail. 
Opt_design Change Summary
=========================


-------------------------------------------------------------------------------------------------------------------------
|  Phase                        |  #Cells created  |  #Cells Removed  |  #Constrained objects preventing optimizations  |
-------------------------------------------------------------------------------------------------------------------------
|  Retarget                     |              37  |             196  |                                             33  |
|  Constant propagation         |              14  |              56  |                                             30  |
|  Sweep                        |               1  |             397  |                                            150  |
|  BUFG optimization            |               0  |               0  |                                              0  |
|  Shift Register Optimization  |               0  |               0  |                                              0  |
|  Post Processing Netlist      |               0  |               1  |                                             45  |
-------------------------------------------------------------------------------------------------------------------------



Starting Connectivity Check Task

Time (s): cpu = 00:00:00.20 ; elapsed = 00:00:00.20 . Memory (MB): peak = 2924.266 ; gain = 0.000 ; free physical = 2911 ; free virtual = 4169
Ending Logic Optimization Task | Checksum: 12b9bdb50

Time (s): cpu = 00:00:20 ; elapsed = 00:00:11 . Memory (MB): peak = 2924.266 ; gain = 11.000 ; free physical = 2911 ; free virtual = 4169

Starting Power Optimization Task
INFO: [Pwropt 34-132] Skipping clock gating for clocks with a period < 2.00 ns.
INFO: [Timing 38-35] Done setting XDC timing constraints.
INFO: [Physopt 32-619] Estimated Timing Summary | WNS=0.931 | TNS=0.000 |
Running Vector-less Activity Propagation...

Finished Running Vector-less Activity Propagation
INFO: [Pwropt 34-9] Applying IDT optimizations ...
INFO: [Pwropt 34-10] Applying ODC optimizations ...


Starting PowerOpt Patch Enables Task
INFO: [Pwropt 34-162] WRITE_MODE attribute of 0 BRAM(s) out of a total of 256 has been updated to save power. Run report_power_opt to get a complete listing of the BRAMs updated.
INFO: [Pwropt 34-201] Structural ODC has moved 0 WE to EN ports
Number of BRAM Ports augmented: 256 newly gated: 0 Total Ports: 512
Ending PowerOpt Patch Enables Task | Checksum: 1a7761210

Time (s): cpu = 00:00:00.74 ; elapsed = 00:00:00.75 . Memory (MB): peak = 4015.621 ; gain = 0.000 ; free physical = 2726 ; free virtual = 3994
Ending Power Optimization Task | Checksum: 1a7761210

Time (s): cpu = 00:01:40 ; elapsed = 00:00:37 . Memory (MB): peak = 4015.621 ; gain = 1091.355 ; free physical = 2827 ; free virtual = 4096

Starting Final Cleanup Task
Ending Final Cleanup Task | Checksum: 1a7761210

Time (s): cpu = 00:00:00 ; elapsed = 00:00:00 . Memory (MB): peak = 4015.621 ; gain = 0.000 ; free physical = 2827 ; free virtual = 4096

Starting Netlist Obfuscation Task
Netlist sorting complete. Time (s): cpu = 00:00:00.04 ; elapsed = 00:00:00.05 . Memory (MB): peak = 4015.621 ; gain = 0.000 ; free physical = 2827 ; free virtual = 4096
Ending Netlist Obfuscation Task | Checksum: 1394031eb

Time (s): cpu = 00:00:00.04 ; elapsed = 00:00:00.05 . Memory (MB): peak = 4015.621 ; gain = 0.000 ; free physical = 2828 ; free virtual = 4096
INFO: [Common 17-83] Releasing license: Implementation
46 Infos, 5 Warnings, 8 Critical Warnings and 0 Errors encountered.
opt_design completed successfully
opt_design: Time (s): cpu = 00:02:09 ; elapsed = 00:00:55 . Memory (MB): peak = 4015.621 ; gain = 1236.371 ; free physical = 2828 ; free virtual = 4096
INFO: [Timing 38-35] Done setting XDC timing constraints.
Netlist sorting complete. Time (s): cpu = 00:00:00.01 ; elapsed = 00:00:00.01 . Memory (MB): peak = 4015.621 ; gain = 0.000 ; free physical = 2705 ; free virtual = 3974
INFO: [Timing 38-480] Writing timing data to binary archive.
Writing placer database...
Writing XDEF routing.
Writing XDEF routing logical nets.
Writing XDEF routing special nets.
Write XDEF Complete: Time (s): cpu = 00:00:00.08 ; elapsed = 00:00:00.02 . Memory (MB): peak = 4015.621 ; gain = 0.000 ; free physical = 2698 ; free virtual = 3968
INFO: [Common 17-1381] The checkpoint '/home/wolf/rocket-chip/rocc-accelerator/vivado_project/minisys_with_grh_rocc_64/minisys_with_grh_rocc_64.runs/impl_1/chip_top_opt.dcp' has been generated.
write_checkpoint: Time (s): cpu = 00:00:23 ; elapsed = 00:00:15 . Memory (MB): peak = 4015.621 ; gain = 0.000 ; free physical = 2674 ; free virtual = 3965
INFO: [runtcl-4] Executing : report_drc -file chip_top_drc_opted.rpt -pb chip_top_drc_opted.pb -rpx chip_top_drc_opted.rpx
Command: report_drc -file chip_top_drc_opted.rpt -pb chip_top_drc_opted.pb -rpx chip_top_drc_opted.rpx
INFO: [IP_Flow 19-1839] IP Catalog is up to date.
INFO: [DRC 23-27] Running DRC with 8 threads
INFO: [Coretcl 2-168] The results of DRC are in file /home/wolf/rocket-chip/rocc-accelerator/vivado_project/minisys_with_grh_rocc_64/minisys_with_grh_rocc_64.runs/impl_1/chip_top_drc_opted.rpt.
report_drc completed successfully
Command: place_design
Attempting to get a license for feature 'Implementation' and/or device 'xc7a100t'
INFO: [Common 17-349] Got license for feature 'Implementation' and/or device 'xc7a100t'
INFO: [DRC 23-27] Running DRC with 8 threads
INFO: [Vivado_Tcl 4-198] DRC finished with 0 Errors
INFO: [Vivado_Tcl 4-199] Please refer to the DRC report (report_drc) for more information.
Running DRC as a precondition to command place_design
INFO: [DRC 23-27] Running DRC with 8 threads
INFO: [Vivado_Tcl 4-198] DRC finished with 0 Errors
INFO: [Vivado_Tcl 4-199] Please refer to the DRC report (report_drc) for more information.

Starting Placer Task
INFO: [Place 30-611] Multithreading enabled for place_design using a maximum of 8 CPUs

Phase 1 Placer Initialization

Phase 1.1 Placer Initialization Netlist Sorting
Netlist sorting complete. Time (s): cpu = 00:00:00.01 ; elapsed = 00:00:00.01 . Memory (MB): peak = 4015.621 ; gain = 0.000 ; free physical = 2657 ; free virtual = 3949
Phase 1.1 Placer Initialization Netlist Sorting | Checksum: 100faa009

Time (s): cpu = 00:00:00.02 ; elapsed = 00:00:00.03 . Memory (MB): peak = 4015.621 ; gain = 0.000 ; free physical = 2657 ; free virtual = 3949
Netlist sorting complete. Time (s): cpu = 00:00:00.01 ; elapsed = 00:00:00.01 . Memory (MB): peak = 4015.621 ; gain = 0.000 ; free physical = 2657 ; free virtual = 3949

Phase 1.2 IO Placement/ Clock Placement/ Build Placer Device
WARNING: [Place 30-574] Poor placement for routing between an IO pin and BUFG. This is normally an ERROR but the CLOCK_DEDICATED_ROUTE constraint is set to FALSE allowing your design to continue. The use of this override is highly discouraged as it may lead to very poor timing results. It is recommended that this error condition be corrected in the design.

	jtag_tck_IBUF_inst (IBUF.O) is locked to IOB_X1Y101
	jtag_tck_IBUF_BUFG_inst (BUFG.I) is provisionally placed by clockplacer on BUFGCTRL_X0Y3
Resolution: Poor placement of an IO pin and a BUFG has resulted in the router using a non-dedicated path between the two.  There are several things that could trigger this DRC, each of which can cause unpredictable clock insertion delays that result in poor timing.  This DRC could be caused by any of the following: (a) a clock port was placed on a pin that is not a CCIO-pin (b)the BUFG has not been placed in the same half of the device or SLR as the CCIO-pin (c) a single ended clock has been placed on the N-Side of a differential pair CCIO-pin.
Phase 1.2 IO Placement/ Clock Placement/ Build Placer Device | Checksum: 54925eca

Time (s): cpu = 00:00:06 ; elapsed = 00:00:04 . Memory (MB): peak = 4015.621 ; gain = 0.000 ; free physical = 2650 ; free virtual = 3946

Phase 1.3 Build Placer Netlist Model
Phase 1.3 Build Placer Netlist Model | Checksum: 1b1eb829a

Time (s): cpu = 00:00:45 ; elapsed = 00:00:19 . Memory (MB): peak = 4015.621 ; gain = 0.000 ; free physical = 2381 ; free virtual = 3679

Phase 1.4 Constrain Clocks/Macros
Phase 1.4 Constrain Clocks/Macros | Checksum: 1b1eb829a

Time (s): cpu = 00:00:45 ; elapsed = 00:00:19 . Memory (MB): peak = 4015.621 ; gain = 0.000 ; free physical = 2381 ; free virtual = 3679
Phase 1 Placer Initialization | Checksum: 1b1eb829a

Time (s): cpu = 00:00:45 ; elapsed = 00:00:19 . Memory (MB): peak = 4015.621 ; gain = 0.000 ; free physical = 2377 ; free virtual = 3674

Phase 2 Global Placement

Phase 2.1 Floorplanning
Phase 2.1 Floorplanning | Checksum: 112923ce6

Time (s): cpu = 00:01:00 ; elapsed = 00:00:25 . Memory (MB): peak = 4015.621 ; gain = 0.000 ; free physical = 2311 ; free virtual = 3609

Phase 2.2 Global Placement Core

Phase 2.2.1 Physical Synthesis In Placer
INFO: [Physopt 32-1018] Found 2468 candidate LUT instances to create LUTNM shape
INFO: [Physopt 32-775] End 1 Pass. Optimized 1021 nets or cells. Created 0 new cell, deleted 1021 existing cells and moved 0 existing cell
INFO: [Physopt 32-65] No nets found for high-fanout optimization.
INFO: [Physopt 32-232] Optimized 0 net. Created 0 new instance.
INFO: [Physopt 32-775] End 1 Pass. Optimized 0 net or cell. Created 0 new cell, deleted 0 existing cell and moved 0 existing cell
INFO: [Physopt 32-670] No setup violation found.  DSP Register Optimization was not performed.
INFO: [Physopt 32-670] No setup violation found.  Shift Register to Pipeline Optimization was not performed.
INFO: [Physopt 32-670] No setup violation found.  Shift Register Optimization was not performed.
INFO: [Physopt 32-670] No setup violation found.  BRAM Register Optimization was not performed.
INFO: [Physopt 32-949] No candidate nets found for HD net replication
INFO: [Physopt 32-775] End 1 Pass. Optimized 0 net or cell. Created 0 new cell, deleted 0 existing cell and moved 0 existing cell
Netlist sorting complete. Time (s): cpu = 00:00:00.01 ; elapsed = 00:00:00.01 . Memory (MB): peak = 4015.621 ; gain = 0.000 ; free physical = 2278 ; free virtual = 3578

Summary of Physical Synthesis Optimizations
============================================


-----------------------------------------------------------------------------------------------------------------------------------------------------------
|  Optimization                                     |  Added Cells  |  Removed Cells  |  Optimized Cells/Nets  |  Dont Touch  |  Iterations  |  Elapsed   |
-----------------------------------------------------------------------------------------------------------------------------------------------------------
|  LUT Combining                                    |            0  |           1021  |                  1021  |           0  |           1  |  00:00:05  |
|  Very High Fanout                                 |            0  |              0  |                     0  |           0  |           1  |  00:00:00  |
|  DSP Register                                     |            0  |              0  |                     0  |           0  |           0  |  00:00:00  |
|  Shift Register to Pipeline                       |            0  |              0  |                     0  |           0  |           0  |  00:00:00  |
|  Shift Register                                   |            0  |              0  |                     0  |           0  |           0  |  00:00:00  |
|  BRAM Register                                    |            0  |              0  |                     0  |           0  |           0  |  00:00:00  |
|  Dynamic/Static Region Interface Net Replication  |            0  |              0  |                     0  |           0  |           1  |  00:00:00  |
|  Total                                            |            0  |           1021  |                  1021  |           0  |           3  |  00:00:06  |
-----------------------------------------------------------------------------------------------------------------------------------------------------------


Phase 2.2.1 Physical Synthesis In Placer | Checksum: 1d5b2d3af

Time (s): cpu = 00:02:48 ; elapsed = 00:01:20 . Memory (MB): peak = 4015.621 ; gain = 0.000 ; free physical = 2275 ; free virtual = 3575
Phase 2.2 Global Placement Core | Checksum: 1a545d3ef

Time (s): cpu = 00:03:05 ; elapsed = 00:01:27 . Memory (MB): peak = 4015.621 ; gain = 0.000 ; free physical = 2266 ; free virtual = 3567
Phase 2 Global Placement | Checksum: 1a545d3ef

Time (s): cpu = 00:03:05 ; elapsed = 00:01:27 . Memory (MB): peak = 4015.621 ; gain = 0.000 ; free physical = 2310 ; free virtual = 3611

Phase 3 Detail Placement

Phase 3.1 Commit Multi Column Macros
Phase 3.1 Commit Multi Column Macros | Checksum: 15d485efe

Time (s): cpu = 00:03:21 ; elapsed = 00:01:34 . Memory (MB): peak = 4015.621 ; gain = 0.000 ; free physical = 2298 ; free virtual = 3599

Phase 3.2 Commit Most Macros & LUTRAMs
Phase 3.2 Commit Most Macros & LUTRAMs | Checksum: 1bfcb1a8a

Time (s): cpu = 00:03:53 ; elapsed = 00:01:50 . Memory (MB): peak = 4015.621 ; gain = 0.000 ; free physical = 2288 ; free virtual = 3588

Phase 3.3 Area Swap Optimization
Phase 3.3 Area Swap Optimization | Checksum: 1a51589c5

Time (s): cpu = 00:03:55 ; elapsed = 00:01:51 . Memory (MB): peak = 4015.621 ; gain = 0.000 ; free physical = 2288 ; free virtual = 3588

Phase 3.4 Pipeline Register Optimization
Phase 3.4 Pipeline Register Optimization | Checksum: 17026eadd

Time (s): cpu = 00:03:55 ; elapsed = 00:01:51 . Memory (MB): peak = 4015.621 ; gain = 0.000 ; free physical = 2288 ; free virtual = 3588

Phase 3.5 Small Shape Detail Placement
Phase 3.5 Small Shape Detail Placement | Checksum: 16deb1f70

Time (s): cpu = 00:04:24 ; elapsed = 00:02:23 . Memory (MB): peak = 4015.621 ; gain = 0.000 ; free physical = 2222 ; free virtual = 3523

Phase 3.6 Re-assign LUT pins
Phase 3.6 Re-assign LUT pins | Checksum: 1bd9c6d78

Time (s): cpu = 00:04:28 ; elapsed = 00:02:27 . Memory (MB): peak = 4015.621 ; gain = 0.000 ; free physical = 2228 ; free virtual = 3530

Phase 3.7 Pipeline Register Optimization
Phase 3.7 Pipeline Register Optimization | Checksum: 19c6e40ec

Time (s): cpu = 00:04:29 ; elapsed = 00:02:28 . Memory (MB): peak = 4015.621 ; gain = 0.000 ; free physical = 2228 ; free virtual = 3530
Phase 3 Detail Placement | Checksum: 19c6e40ec

Time (s): cpu = 00:04:29 ; elapsed = 00:02:28 . Memory (MB): peak = 4015.621 ; gain = 0.000 ; free physical = 2228 ; free virtual = 3530

Phase 4 Post Placement Optimization and Clean-Up

Phase 4.1 Post Commit Optimization
INFO: [Timing 38-35] Done setting XDC timing constraints.

Phase 4.1.1 Post Placement Optimization
Post Placement Optimization Initialization | Checksum: df315e81

Phase 4.1.1.1 BUFG Insertion
INFO: [Place 46-33] Processed net dut/debug_1/dmOuter/dmOuter/DMCONTROLReg_ndmreset_reg_0, BUFG insertion was skipped due to placement/routing conflicts.
INFO: [Place 46-56] BUFG insertion identified 1 candidate nets. Inserted BUFG: 0, Replicated BUFG Driver: 0, Skipped due to Placement/Routing Conflicts: 1, Skipped due to Timing Degradation: 0, Skipped due to Illegal Netlist: 0.
Phase 4.1.1.1 BUFG Insertion | Checksum: df315e81

Time (s): cpu = 00:05:13 ; elapsed = 00:02:41 . Memory (MB): peak = 4015.621 ; gain = 0.000 ; free physical = 2308 ; free virtual = 3610
INFO: [Place 30-746] Post Placement Timing Summary WNS=0.931. For the most accurate timing information please run report_timing.
Phase 4.1.1 Post Placement Optimization | Checksum: b7a43e09

Time (s): cpu = 00:05:14 ; elapsed = 00:02:42 . Memory (MB): peak = 4015.621 ; gain = 0.000 ; free physical = 2308 ; free virtual = 3610
Phase 4.1 Post Commit Optimization | Checksum: b7a43e09

Time (s): cpu = 00:05:14 ; elapsed = 00:02:42 . Memory (MB): peak = 4015.621 ; gain = 0.000 ; free physical = 2308 ; free virtual = 3610

Phase 4.2 Post Placement Cleanup
Phase 4.2 Post Placement Cleanup | Checksum: b7a43e09

Time (s): cpu = 00:05:16 ; elapsed = 00:02:43 . Memory (MB): peak = 4015.621 ; gain = 0.000 ; free physical = 2308 ; free virtual = 3610

Phase 4.3 Placer Reporting
Phase 4.3 Placer Reporting | Checksum: b7a43e09

Time (s): cpu = 00:05:16 ; elapsed = 00:02:44 . Memory (MB): peak = 4015.621 ; gain = 0.000 ; free physical = 2327 ; free virtual = 3629

Phase 4.4 Final Placement Cleanup
Netlist sorting complete. Time (s): cpu = 00:00:00.01 ; elapsed = 00:00:00.01 . Memory (MB): peak = 4015.621 ; gain = 0.000 ; free physical = 2328 ; free virtual = 3630
Phase 4.4 Final Placement Cleanup | Checksum: 14cc2dff1

Time (s): cpu = 00:05:17 ; elapsed = 00:02:44 . Memory (MB): peak = 4015.621 ; gain = 0.000 ; free physical = 2328 ; free virtual = 3630
Phase 4 Post Placement Optimization and Clean-Up | Checksum: 14cc2dff1

Time (s): cpu = 00:05:17 ; elapsed = 00:02:45 . Memory (MB): peak = 4015.621 ; gain = 0.000 ; free physical = 2328 ; free virtual = 3630
Ending Placer Task | Checksum: 11a3f11a6

Time (s): cpu = 00:05:17 ; elapsed = 00:02:45 . Memory (MB): peak = 4015.621 ; gain = 0.000 ; free physical = 2328 ; free virtual = 3630
INFO: [Common 17-83] Releasing license: Implementation
77 Infos, 6 Warnings, 8 Critical Warnings and 0 Errors encountered.
place_design completed successfully
place_design: Time (s): cpu = 00:05:22 ; elapsed = 00:02:47 . Memory (MB): peak = 4015.621 ; gain = 0.000 ; free physical = 2432 ; free virtual = 3733
Netlist sorting complete. Time (s): cpu = 00:00:00.01 ; elapsed = 00:00:00.01 . Memory (MB): peak = 4015.621 ; gain = 0.000 ; free physical = 2432 ; free virtual = 3733
INFO: [Timing 38-480] Writing timing data to binary archive.
Writing placer database...
Writing XDEF routing.
Writing XDEF routing logical nets.
Writing XDEF routing special nets.
Write XDEF Complete: Time (s): cpu = 00:00:12 ; elapsed = 00:00:04 . Memory (MB): peak = 4015.621 ; gain = 0.000 ; free physical = 2281 ; free virtual = 3703
INFO: [Common 17-1381] The checkpoint '/home/wolf/rocket-chip/rocc-accelerator/vivado_project/minisys_with_grh_rocc_64/minisys_with_grh_rocc_64.runs/impl_1/chip_top_placed.dcp' has been generated.
write_checkpoint: Time (s): cpu = 00:00:25 ; elapsed = 00:00:14 . Memory (MB): peak = 4015.621 ; gain = 0.000 ; free physical = 2398 ; free virtual = 3731
INFO: [runtcl-4] Executing : report_io -file chip_top_io_placed.rpt
report_io: Time (s): cpu = 00:00:00.13 ; elapsed = 00:00:00.19 . Memory (MB): peak = 4015.621 ; gain = 0.000 ; free physical = 2387 ; free virtual = 3720
INFO: [runtcl-4] Executing : report_utilization -file chip_top_utilization_placed.rpt -pb chip_top_utilization_placed.pb
INFO: [runtcl-4] Executing : report_control_sets -verbose -file chip_top_control_sets_placed.rpt
report_control_sets: Time (s): cpu = 00:00:00.21 ; elapsed = 00:00:00.27 . Memory (MB): peak = 4015.621 ; gain = 0.000 ; free physical = 2397 ; free virtual = 3730
Command: phys_opt_design
Attempting to get a license for feature 'Implementation' and/or device 'xc7a100t'
INFO: [Common 17-349] Got license for feature 'Implementation' and/or device 'xc7a100t'
INFO: [Vivado_Tcl 4-383] Design worst setup slack (WNS) is greater than or equal to 0.250 ns. Skipping all physical synthesis optimizations.
INFO: [Vivado_Tcl 4-232] No setup violation found. The netlist was not modified.
INFO: [Common 17-83] Releasing license: Implementation
86 Infos, 6 Warnings, 8 Critical Warnings and 0 Errors encountered.
phys_opt_design completed successfully
phys_opt_design: Time (s): cpu = 00:00:45 ; elapsed = 00:00:10 . Memory (MB): peak = 4015.621 ; gain = 0.000 ; free physical = 2325 ; free virtual = 3658
Netlist sorting complete. Time (s): cpu = 00:00:00.02 ; elapsed = 00:00:00.01 . Memory (MB): peak = 4015.621 ; gain = 0.000 ; free physical = 2325 ; free virtual = 3658
INFO: [Timing 38-480] Writing timing data to binary archive.
Writing placer database...
Writing XDEF routing.
Writing XDEF routing logical nets.
Writing XDEF routing special nets.
Write XDEF Complete: Time (s): cpu = 00:00:12 ; elapsed = 00:00:04 . Memory (MB): peak = 4015.621 ; gain = 0.000 ; free physical = 2159 ; free virtual = 3613
INFO: [Common 17-1381] The checkpoint '/home/wolf/rocket-chip/rocc-accelerator/vivado_project/minisys_with_grh_rocc_64/minisys_with_grh_rocc_64.runs/impl_1/chip_top_physopt.dcp' has been generated.
write_checkpoint: Time (s): cpu = 00:00:25 ; elapsed = 00:00:14 . Memory (MB): peak = 4015.621 ; gain = 0.000 ; free physical = 2281 ; free virtual = 3647
Command: route_design
Attempting to get a license for feature 'Implementation' and/or device 'xc7a100t'
INFO: [Common 17-349] Got license for feature 'Implementation' and/or device 'xc7a100t'
Running DRC as a precondition to command route_design
INFO: [DRC 23-27] Running DRC with 8 threads
WARNING: [DRC PLCK-12] Clock Placer Checks: Poor placement for routing between an IO pin and BUFG. 
Resolution: Poor placement of an IO pin and a BUFG has resulted in the router using a non-dedicated path between the two.  There are several things that could trigger this DRC, each of which can cause unpredictable clock insertion delays that result in poor timing.  This DRC could be caused by any of the following: (a) a clock port was placed on a pin that is not a CCIO-pin (b)the BUFG has not been placed in the same half of the device or SLR as the CCIO-pin (c) a single ended clock has been placed on the N-Side of a differential pair CCIO-pin.
 This is normally an ERROR but the CLOCK_DEDICATED_ROUTE constraint is set to FALSE allowing your design to continue. The use of this override is highly discouraged as it may lead to very poor timing results. It is recommended that this error condition be corrected in the design.

	jtag_tck_IBUF_inst (IBUF.O) is locked to IOB_X1Y101
	jtag_tck_IBUF_BUFG_inst (BUFG.I) is provisionally placed by clockplacer on BUFGCTRL_X0Y3
INFO: [Vivado_Tcl 4-198] DRC finished with 0 Errors, 1 Warnings
INFO: [Vivado_Tcl 4-199] Please refer to the DRC report (report_drc) for more information.


Starting Routing Task
INFO: [Route 35-254] Multithreading enabled for route_design using a maximum of 8 CPUs
Checksum: PlaceDB: 6c8f0156 ConstDB: 0 ShapeSum: adb01050 RouteDB: 0

Phase 1 Build RT Design
Phase 1 Build RT Design | Checksum: f2a7a814

Time (s): cpu = 00:00:29 ; elapsed = 00:00:16 . Memory (MB): peak = 4015.621 ; gain = 0.000 ; free physical = 2090 ; free virtual = 3456
Post Restoration Checksum: NetGraph: ac5bb6fa NumContArr: 464bf11a Constraints: 0 Timing: 0

Phase 2 Router Initialization

Phase 2.1 Create Timer
Phase 2.1 Create Timer | Checksum: f2a7a814

Time (s): cpu = 00:00:30 ; elapsed = 00:00:17 . Memory (MB): peak = 4015.621 ; gain = 0.000 ; free physical = 2121 ; free virtual = 3488

Phase 2.2 Fix Topology Constraints
Phase 2.2 Fix Topology Constraints | Checksum: f2a7a814

Time (s): cpu = 00:00:30 ; elapsed = 00:00:17 . Memory (MB): peak = 4015.621 ; gain = 0.000 ; free physical = 2079 ; free virtual = 3446

Phase 2.3 Pre Route Cleanup
Phase 2.3 Pre Route Cleanup | Checksum: f2a7a814

Time (s): cpu = 00:00:30 ; elapsed = 00:00:18 . Memory (MB): peak = 4015.621 ; gain = 0.000 ; free physical = 2079 ; free virtual = 3446
 Number of Nodes with overlaps = 0

Phase 2.4 Update Timing
Phase 2.4 Update Timing | Checksum: 1680822b3

Time (s): cpu = 00:01:29 ; elapsed = 00:00:40 . Memory (MB): peak = 4015.621 ; gain = 0.000 ; free physical = 2008 ; free virtual = 3376
INFO: [Route 35-416] Intermediate Timing Summary | WNS=0.919  | TNS=0.000  | WHS=-1.210 | THS=-1841.601|


Phase 2.5 Update Timing for Bus Skew

Phase 2.5.1 Update Timing
Phase 2.5.1 Update Timing | Checksum: 14d14b17c

Time (s): cpu = 00:02:31 ; elapsed = 00:00:54 . Memory (MB): peak = 4015.621 ; gain = 0.000 ; free physical = 1997 ; free virtual = 3365
INFO: [Route 35-416] Intermediate Timing Summary | WNS=0.919  | TNS=0.000  | WHS=N/A    | THS=N/A    |

Phase 2.5 Update Timing for Bus Skew | Checksum: 1b47aabce

Time (s): cpu = 00:02:32 ; elapsed = 00:00:54 . Memory (MB): peak = 4015.621 ; gain = 0.000 ; free physical = 1993 ; free virtual = 3361
Phase 2 Router Initialization | Checksum: 19562a22d

Time (s): cpu = 00:02:32 ; elapsed = 00:00:54 . Memory (MB): peak = 4015.621 ; gain = 0.000 ; free physical = 1993 ; free virtual = 3361

Router Utilization Summary
  Global Vertical Routing Utilization    = 0.000217609 %
  Global Horizontal Routing Utilization  = 0.00277067 %
  Routable Net Status*
  *Does not include unroutable nets such as driverless and loadless.
  Run report_route_status for detailed report.
  Number of Failed Nets               = 78868
    (Failed Nets is the sum of unrouted and partially routed nets)
  Number of Unrouted Nets             = 78867
  Number of Partially Routed Nets     = 1
  Number of Node Overlaps             = 0


Phase 3 Initial Routing
Phase 3 Initial Routing | Checksum: 22f77171c

Time (s): cpu = 00:04:46 ; elapsed = 00:01:22 . Memory (MB): peak = 4015.621 ; gain = 0.000 ; free physical = 1972 ; free virtual = 3340

Phase 4 Rip-up And Reroute

Phase 4.1 Global Iteration 0
 Number of Nodes with overlaps = 18920
 Number of Nodes with overlaps = 1528
 Number of Nodes with overlaps = 287
 Number of Nodes with overlaps = 71
 Number of Nodes with overlaps = 23
 Number of Nodes with overlaps = 6
 Number of Nodes with overlaps = 2
 Number of Nodes with overlaps = 2
 Number of Nodes with overlaps = 0
INFO: [Route 35-416] Intermediate Timing Summary | WNS=0.869  | TNS=0.000  | WHS=N/A    | THS=N/A    |

Phase 4.1 Global Iteration 0 | Checksum: 109ceec63

Time (s): cpu = 00:08:50 ; elapsed = 00:03:44 . Memory (MB): peak = 4015.621 ; gain = 0.000 ; free physical = 1938 ; free virtual = 3325

Phase 4.2 Global Iteration 1
 Number of Nodes with overlaps = 4
 Number of Nodes with overlaps = 4
 Number of Nodes with overlaps = 0
INFO: [Route 35-416] Intermediate Timing Summary | WNS=0.869  | TNS=0.000  | WHS=N/A    | THS=N/A    |

Phase 4.2 Global Iteration 1 | Checksum: 197fc418f

Time (s): cpu = 00:08:59 ; elapsed = 00:03:51 . Memory (MB): peak = 4015.621 ; gain = 0.000 ; free physical = 1936 ; free virtual = 3322
Phase 4 Rip-up And Reroute | Checksum: 197fc418f

Time (s): cpu = 00:08:59 ; elapsed = 00:03:51 . Memory (MB): peak = 4015.621 ; gain = 0.000 ; free physical = 1936 ; free virtual = 3323

Phase 5 Delay and Skew Optimization

Phase 5.1 Delay CleanUp
Phase 5.1 Delay CleanUp | Checksum: 197fc418f

Time (s): cpu = 00:09:00 ; elapsed = 00:03:51 . Memory (MB): peak = 4015.621 ; gain = 0.000 ; free physical = 1936 ; free virtual = 3323

Phase 5.2 Clock Skew Optimization
Phase 5.2 Clock Skew Optimization | Checksum: 197fc418f

Time (s): cpu = 00:09:00 ; elapsed = 00:03:51 . Memory (MB): peak = 4015.621 ; gain = 0.000 ; free physical = 1936 ; free virtual = 3323
Phase 5 Delay and Skew Optimization | Checksum: 197fc418f

Time (s): cpu = 00:09:00 ; elapsed = 00:03:52 . Memory (MB): peak = 4015.621 ; gain = 0.000 ; free physical = 1936 ; free virtual = 3323

Phase 6 Post Hold Fix

Phase 6.1 Hold Fix Iter

Phase 6.1.1 Update Timing
Phase 6.1.1 Update Timing | Checksum: 254723373

Time (s): cpu = 00:09:25 ; elapsed = 00:03:58 . Memory (MB): peak = 4015.621 ; gain = 0.000 ; free physical = 1947 ; free virtual = 3333
INFO: [Route 35-416] Intermediate Timing Summary | WNS=0.869  | TNS=0.000  | WHS=0.011  | THS=0.000  |

Phase 6.1 Hold Fix Iter | Checksum: 265fc3546

Time (s): cpu = 00:09:26 ; elapsed = 00:03:58 . Memory (MB): peak = 4015.621 ; gain = 0.000 ; free physical = 1946 ; free virtual = 3333
Phase 6 Post Hold Fix | Checksum: 265fc3546

Time (s): cpu = 00:09:26 ; elapsed = 00:03:58 . Memory (MB): peak = 4015.621 ; gain = 0.000 ; free physical = 1946 ; free virtual = 3333

Phase 7 Route finalize

Router Utilization Summary
  Global Vertical Routing Utilization    = 38.125 %
  Global Horizontal Routing Utilization  = 39.6329 %
  Routable Net Status*
  *Does not include unroutable nets such as driverless and loadless.
  Run report_route_status for detailed report.
  Number of Failed Nets               = 0
    (Failed Nets is the sum of unrouted and partially routed nets)
  Number of Unrouted Nets             = 0
  Number of Partially Routed Nets     = 0
  Number of Node Overlaps             = 0

Phase 7 Route finalize | Checksum: 217327236

Time (s): cpu = 00:09:26 ; elapsed = 00:03:59 . Memory (MB): peak = 4015.621 ; gain = 0.000 ; free physical = 1946 ; free virtual = 3332

Phase 8 Verifying routed nets

 Verification completed successfully
Phase 8 Verifying routed nets | Checksum: 217327236

Time (s): cpu = 00:09:27 ; elapsed = 00:03:59 . Memory (MB): peak = 4015.621 ; gain = 0.000 ; free physical = 1945 ; free virtual = 3331

Phase 9 Depositing Routes
Phase 9 Depositing Routes | Checksum: 1cc5eea9c

Time (s): cpu = 00:09:33 ; elapsed = 00:04:06 . Memory (MB): peak = 4015.621 ; gain = 0.000 ; free physical = 1943 ; free virtual = 3329

Phase 10 Post Router Timing
INFO: [Route 35-57] Estimated Timing Summary | WNS=0.869  | TNS=0.000  | WHS=0.011  | THS=0.000  |

INFO: [Route 35-327] The final timing numbers are based on the router estimated timing analysis. For a complete and accurate timing signoff, please run report_timing_summary.
Phase 10 Post Router Timing | Checksum: 1cc5eea9c

Time (s): cpu = 00:09:34 ; elapsed = 00:04:07 . Memory (MB): peak = 4015.621 ; gain = 0.000 ; free physical = 1954 ; free virtual = 3341
INFO: [Route 35-16] Router Completed Successfully

Time (s): cpu = 00:09:34 ; elapsed = 00:04:07 . Memory (MB): peak = 4015.621 ; gain = 0.000 ; free physical = 2034 ; free virtual = 3421

Routing Is Done.
INFO: [Common 17-83] Releasing license: Implementation
102 Infos, 7 Warnings, 8 Critical Warnings and 0 Errors encountered.
route_design completed successfully
route_design: Time (s): cpu = 00:09:42 ; elapsed = 00:04:11 . Memory (MB): peak = 4015.621 ; gain = 0.000 ; free physical = 2034 ; free virtual = 3421
Netlist sorting complete. Time (s): cpu = 00:00:00.02 ; elapsed = 00:00:00.01 . Memory (MB): peak = 4015.621 ; gain = 0.000 ; free physical = 2034 ; free virtual = 3421
INFO: [Timing 38-480] Writing timing data to binary archive.
Writing placer database...
Writing XDEF routing.
Writing XDEF routing logical nets.
Writing XDEF routing special nets.
Write XDEF Complete: Time (s): cpu = 00:00:14 ; elapsed = 00:00:05 . Memory (MB): peak = 4015.621 ; gain = 0.000 ; free physical = 1849 ; free virtual = 3390
INFO: [Common 17-1381] The checkpoint '/home/wolf/rocket-chip/rocc-accelerator/vivado_project/minisys_with_grh_rocc_64/minisys_with_grh_rocc_64.runs/impl_1/chip_top_routed.dcp' has been generated.
write_checkpoint: Time (s): cpu = 00:00:26 ; elapsed = 00:00:15 . Memory (MB): peak = 4015.621 ; gain = 0.000 ; free physical = 1991 ; free virtual = 3419
INFO: [runtcl-4] Executing : report_drc -file chip_top_drc_routed.rpt -pb chip_top_drc_routed.pb -rpx chip_top_drc_routed.rpx
Command: report_drc -file chip_top_drc_routed.rpt -pb chip_top_drc_routed.pb -rpx chip_top_drc_routed.rpx
INFO: [IP_Flow 19-1839] IP Catalog is up to date.
INFO: [DRC 23-27] Running DRC with 8 threads
INFO: [Coretcl 2-168] The results of DRC are in file /home/wolf/rocket-chip/rocc-accelerator/vivado_project/minisys_with_grh_rocc_64/minisys_with_grh_rocc_64.runs/impl_1/chip_top_drc_routed.rpt.
report_drc completed successfully
report_drc: Time (s): cpu = 00:00:23 ; elapsed = 00:00:07 . Memory (MB): peak = 4015.621 ; gain = 0.000 ; free physical = 1926 ; free virtual = 3366
INFO: [runtcl-4] Executing : report_methodology -file chip_top_methodology_drc_routed.rpt -pb chip_top_methodology_drc_routed.pb -rpx chip_top_methodology_drc_routed.rpx
Command: report_methodology -file chip_top_methodology_drc_routed.rpt -pb chip_top_methodology_drc_routed.pb -rpx chip_top_methodology_drc_routed.rpx
INFO: [Timing 38-35] Done setting XDC timing constraints.
INFO: [DRC 23-133] Running Methodology with 8 threads
INFO: [Coretcl 2-1520] The results of Report Methodology are in file /home/wolf/rocket-chip/rocc-accelerator/vivado_project/minisys_with_grh_rocc_64/minisys_with_grh_rocc_64.runs/impl_1/chip_top_methodology_drc_routed.rpt.
report_methodology completed successfully
report_methodology: Time (s): cpu = 00:03:26 ; elapsed = 00:00:40 . Memory (MB): peak = 5211.336 ; gain = 1195.715 ; free physical = 1780 ; free virtual = 3224
INFO: [runtcl-4] Executing : report_power -file chip_top_power_routed.rpt -pb chip_top_power_summary_routed.pb -rpx chip_top_power_routed.rpx
Command: report_power -file chip_top_power_routed.rpt -pb chip_top_power_summary_routed.pb -rpx chip_top_power_routed.rpx
INFO: [Timing 38-35] Done setting XDC timing constraints.
Running Vector-less Activity Propagation...

Finished Running Vector-less Activity Propagation
WARNING: [Power 33-332] Found switching activity that implies high-fanout reset nets being asserted for excessive periods of time which may result in inaccurate power analysis.
Resolution: To review and fix problems, please run Power Constraints Advisor in the GUI from Tools > Power Constraints Advisor or run report_power with the -advisory option to generate a text report.
114 Infos, 8 Warnings, 8 Critical Warnings and 0 Errors encountered.
report_power completed successfully
report_power: Time (s): cpu = 00:01:03 ; elapsed = 00:00:22 . Memory (MB): peak = 5235.348 ; gain = 24.012 ; free physical = 1703 ; free virtual = 3156
INFO: [runtcl-4] Executing : report_route_status -file chip_top_route_status.rpt -pb chip_top_route_status.pb
INFO: [runtcl-4] Executing : report_timing_summary -max_paths 10 -file chip_top_timing_summary_routed.rpt -pb chip_top_timing_summary_routed.pb -rpx chip_top_timing_summary_routed.rpx -warn_on_violation 
INFO: [Timing 38-91] UpdateTimingParams: Speed grade: -1, Delay Type: min_max.
INFO: [Timing 38-191] Multithreading enabled for timing update using a maximum of 8 CPUs
WARNING: [Timing 38-436] There are set_bus_skew constraint(s) in this design. Please run report_bus_skew to ensure that bus skew requirements are met.
report_timing_summary: Time (s): cpu = 00:00:36 ; elapsed = 00:00:08 . Memory (MB): peak = 5235.348 ; gain = 0.000 ; free physical = 1362 ; free virtual = 2871
INFO: [runtcl-4] Executing : report_incremental_reuse -file chip_top_incremental_reuse_routed.rpt
INFO: [Vivado_Tcl 4-1062] Incremental flow is disabled. No incremental reuse Info to report.
INFO: [runtcl-4] Executing : report_clock_utilization -file chip_top_clock_utilization_routed.rpt
INFO: [runtcl-4] Executing : report_bus_skew -warn_on_violation -file chip_top_bus_skew_routed.rpt -pb chip_top_bus_skew_routed.pb -rpx chip_top_bus_skew_routed.rpx
INFO: [Timing 38-91] UpdateTimingParams: Speed grade: -1, Delay Type: min_max.
INFO: [Timing 38-191] Multithreading enabled for timing update using a maximum of 8 CPUs
Command: write_bitstream -force chip_top.bit
Attempting to get a license for feature 'Implementation' and/or device 'xc7a100t'
INFO: [Common 17-349] Got license for feature 'Implementation' and/or device 'xc7a100t'
Running DRC as a precondition to command write_bitstream
INFO: [IP_Flow 19-1839] IP Catalog is up to date.
INFO: [DRC 23-27] Running DRC with 8 threads
WARNING: [DRC BUFC-1] Input Buffer Connections: Input buffer mem/DDR_ctrl/u_mig_7series_0_mig/u_memc_ui_top_axi/mem_intfc0/ddr_phy_top0/u_ddr_mc_phy_wrapper/gen_dqs_iobuf_HR.gen_dqs_iobuf[0].gen_dqs_diff.u_iobuf_dqs/IBUFDS_0 has no loads. It is recommended to have an input buffer drive an internal load.
WARNING: [DRC BUFC-1] Input Buffer Connections: Input buffer mem/DDR_ctrl/u_mig_7series_0_mig/u_memc_ui_top_axi/mem_intfc0/ddr_phy_top0/u_ddr_mc_phy_wrapper/gen_dqs_iobuf_HR.gen_dqs_iobuf[1].gen_dqs_diff.u_iobuf_dqs/IBUFDS_0 has no loads. It is recommended to have an input buffer drive an internal load.
WARNING: [DRC CFGBVS-1] Missing CFGBVS and CONFIG_VOLTAGE Design Properties: Neither the CFGBVS nor CONFIG_VOLTAGE voltage property is set in the current_design.  Configuration bank voltage select (CFGBVS) must be set to VCCO or GND, and CONFIG_VOLTAGE must be set to the correct configuration voltage, in order to determine the I/O voltage support for the pins in bank 0.  It is suggested to specify these either using the 'Edit Device Properties' function in the GUI or directly in the XDC file using the following syntax:

 set_property CFGBVS value1 [current_design]
 #where value1 is either VCCO or GND

 set_property CONFIG_VOLTAGE value2 [current_design]
 #where value2 is the voltage provided to configuration bank 0

Refer to the device configuration user guide for more information.
WARNING: [DRC DPIP-1] Input pipelining: DSP dut/tile/fpuOpt/sfma/fma/_T input dut/tile/fpuOpt/sfma/fma/_T/A[29:0] is not pipelined. Pipelining DSP48 input will improve performance.
WARNING: [DRC DPIP-1] Input pipelining: DSP dut/tile/fpuOpt/sfma/fma/_T__0 input dut/tile/fpuOpt/sfma/fma/_T__0/A[29:0] is not pipelined. Pipelining DSP48 input will improve performance.
WARNING: [DRC DPIP-1] Input pipelining: DSP dut/tile/fpuOpt/sfma/fma/_T__0 input dut/tile/fpuOpt/sfma/fma/_T__0/B[17:0] is not pipelined. Pipelining DSP48 input will improve performance.
WARNING: [DRC DPIP-1] Input pipelining: DSP mmio/uart_inst/bridge_inst/reader/lite_packet_size_return input mmio/uart_inst/bridge_inst/reader/lite_packet_size_return/A[29:0] is not pipelined. Pipelining DSP48 input will improve performance.
WARNING: [DRC DPIP-1] Input pipelining: DSP mmio/uart_inst/bridge_inst/reader/lite_packet_size_return input mmio/uart_inst/bridge_inst/reader/lite_packet_size_return/B[17:0] is not pipelined. Pipelining DSP48 input will improve performance.
WARNING: [DRC DPIP-1] Input pipelining: DSP mmio/uart_inst/bridge_inst/writer/lite_packet_size_return input mmio/uart_inst/bridge_inst/writer/lite_packet_size_return/A[29:0] is not pipelined. Pipelining DSP48 input will improve performance.
WARNING: [DRC DPIP-1] Input pipelining: DSP mmio/uart_inst/bridge_inst/writer/lite_packet_size_return input mmio/uart_inst/bridge_inst/writer/lite_packet_size_return/B[17:0] is not pipelined. Pipelining DSP48 input will improve performance.
WARNING: [DRC DPOP-1] PREG Output pipelining: DSP dut/tile/core/div/_T_60 output dut/tile/core/div/_T_60/P[47:0] is not pipelined (PREG=0). Pipelining the DSP48 output will improve performance and often saves power so it is suggested whenever possible to fully pipeline this function.  If this DSP48 function was inferred, it is suggested to describe an additional register stage after this function.  If the DSP48 was instantiated in the design, it is suggested to set the PREG attribute to 1.
WARNING: [DRC DPOP-1] PREG Output pipelining: DSP dut/tile/core/div/_T_60__0 output dut/tile/core/div/_T_60__0/P[47:0] is not pipelined (PREG=0). Pipelining the DSP48 output will improve performance and often saves power so it is suggested whenever possible to fully pipeline this function.  If this DSP48 function was inferred, it is suggested to describe an additional register stage after this function.  If the DSP48 was instantiated in the design, it is suggested to set the PREG attribute to 1.
WARNING: [DRC DPOP-1] PREG Output pipelining: DSP dut/tile/core/div/_T_60__1 output dut/tile/core/div/_T_60__1/P[47:0] is not pipelined (PREG=0). Pipelining the DSP48 output will improve performance and often saves power so it is suggested whenever possible to fully pipeline this function.  If this DSP48 function was inferred, it is suggested to describe an additional register stage after this function.  If the DSP48 was instantiated in the design, it is suggested to set the PREG attribute to 1.
WARNING: [DRC DPOP-1] PREG Output pipelining: DSP dut/tile/core/div/_T_60__2 output dut/tile/core/div/_T_60__2/P[47:0] is not pipelined (PREG=0). Pipelining the DSP48 output will improve performance and often saves power so it is suggested whenever possible to fully pipeline this function.  If this DSP48 function was inferred, it is suggested to describe an additional register stage after this function.  If the DSP48 was instantiated in the design, it is suggested to set the PREG attribute to 1.
WARNING: [DRC DPOP-1] PREG Output pipelining: DSP dut/tile/fpuOpt/sfma/fma/_T output dut/tile/fpuOpt/sfma/fma/_T/P[47:0] is not pipelined (PREG=0). Pipelining the DSP48 output will improve performance and often saves power so it is suggested whenever possible to fully pipeline this function.  If this DSP48 function was inferred, it is suggested to describe an additional register stage after this function.  If the DSP48 was instantiated in the design, it is suggested to set the PREG attribute to 1.
WARNING: [DRC DPOP-1] PREG Output pipelining: DSP dut/tile/fpuOpt/sfma/fma/_T__0 output dut/tile/fpuOpt/sfma/fma/_T__0/P[47:0] is not pipelined (PREG=0). Pipelining the DSP48 output will improve performance and often saves power so it is suggested whenever possible to fully pipeline this function.  If this DSP48 function was inferred, it is suggested to describe an additional register stage after this function.  If the DSP48 was instantiated in the design, it is suggested to set the PREG attribute to 1.
WARNING: [DRC DPOP-1] PREG Output pipelining: DSP mmio/uart_inst/bridge_inst/reader/lite_packet_size_return output mmio/uart_inst/bridge_inst/reader/lite_packet_size_return/P[47:0] is not pipelined (PREG=0). Pipelining the DSP48 output will improve performance and often saves power so it is suggested whenever possible to fully pipeline this function.  If this DSP48 function was inferred, it is suggested to describe an additional register stage after this function.  If the DSP48 was instantiated in the design, it is suggested to set the PREG attribute to 1.
WARNING: [DRC DPOP-1] PREG Output pipelining: DSP mmio/uart_inst/bridge_inst/reader/lite_packet_size_return__0 output mmio/uart_inst/bridge_inst/reader/lite_packet_size_return__0/P[47:0] is not pipelined (PREG=0). Pipelining the DSP48 output will improve performance and often saves power so it is suggested whenever possible to fully pipeline this function.  If this DSP48 function was inferred, it is suggested to describe an additional register stage after this function.  If the DSP48 was instantiated in the design, it is suggested to set the PREG attribute to 1.
WARNING: [DRC DPOP-1] PREG Output pipelining: DSP mmio/uart_inst/bridge_inst/writer/lite_packet_size_return output mmio/uart_inst/bridge_inst/writer/lite_packet_size_return/P[47:0] is not pipelined (PREG=0). Pipelining the DSP48 output will improve performance and often saves power so it is suggested whenever possible to fully pipeline this function.  If this DSP48 function was inferred, it is suggested to describe an additional register stage after this function.  If the DSP48 was instantiated in the design, it is suggested to set the PREG attribute to 1.
WARNING: [DRC DPOP-1] PREG Output pipelining: DSP mmio/uart_inst/bridge_inst/writer/lite_packet_size_return__0 output mmio/uart_inst/bridge_inst/writer/lite_packet_size_return__0/P[47:0] is not pipelined (PREG=0). Pipelining the DSP48 output will improve performance and often saves power so it is suggested whenever possible to fully pipeline this function.  If this DSP48 function was inferred, it is suggested to describe an additional register stage after this function.  If the DSP48 was instantiated in the design, it is suggested to set the PREG attribute to 1.
WARNING: [DRC DPOP-2] MREG Output pipelining: DSP dut/tile/core/div/_T_60 multiplier stage dut/tile/core/div/_T_60/P[47:0] is not pipelined (MREG=0). Pipelining the multiplier function will improve performance and will save significant power so it is suggested whenever possible to fully pipeline this function.  If this multiplier was inferred, it is suggested to describe an additional register stage after this function.  If there is no registered adder/accumulator following the multiply function, two pipeline stages are suggested to allow both the MREG and PREG registers to be used.  If the DSP48 was instantiated in the design, it is suggested to set both the MREG and PREG attributes to 1 when performing multiply functions.
WARNING: [DRC DPOP-2] MREG Output pipelining: DSP dut/tile/core/div/_T_60__0 multiplier stage dut/tile/core/div/_T_60__0/P[47:0] is not pipelined (MREG=0). Pipelining the multiplier function will improve performance and will save significant power so it is suggested whenever possible to fully pipeline this function.  If this multiplier was inferred, it is suggested to describe an additional register stage after this function.  If there is no registered adder/accumulator following the multiply function, two pipeline stages are suggested to allow both the MREG and PREG registers to be used.  If the DSP48 was instantiated in the design, it is suggested to set both the MREG and PREG attributes to 1 when performing multiply functions.
WARNING: [DRC DPOP-2] MREG Output pipelining: DSP dut/tile/core/div/_T_60__1 multiplier stage dut/tile/core/div/_T_60__1/P[47:0] is not pipelined (MREG=0). Pipelining the multiplier function will improve performance and will save significant power so it is suggested whenever possible to fully pipeline this function.  If this multiplier was inferred, it is suggested to describe an additional register stage after this function.  If there is no registered adder/accumulator following the multiply function, two pipeline stages are suggested to allow both the MREG and PREG registers to be used.  If the DSP48 was instantiated in the design, it is suggested to set both the MREG and PREG attributes to 1 when performing multiply functions.
WARNING: [DRC DPOP-2] MREG Output pipelining: DSP dut/tile/core/div/_T_60__2 multiplier stage dut/tile/core/div/_T_60__2/P[47:0] is not pipelined (MREG=0). Pipelining the multiplier function will improve performance and will save significant power so it is suggested whenever possible to fully pipeline this function.  If this multiplier was inferred, it is suggested to describe an additional register stage after this function.  If there is no registered adder/accumulator following the multiply function, two pipeline stages are suggested to allow both the MREG and PREG registers to be used.  If the DSP48 was instantiated in the design, it is suggested to set both the MREG and PREG attributes to 1 when performing multiply functions.
WARNING: [DRC DPOP-2] MREG Output pipelining: DSP dut/tile/fpuOpt/sfma/fma/_T multiplier stage dut/tile/fpuOpt/sfma/fma/_T/P[47:0] is not pipelined (MREG=0). Pipelining the multiplier function will improve performance and will save significant power so it is suggested whenever possible to fully pipeline this function.  If this multiplier was inferred, it is suggested to describe an additional register stage after this function.  If there is no registered adder/accumulator following the multiply function, two pipeline stages are suggested to allow both the MREG and PREG registers to be used.  If the DSP48 was instantiated in the design, it is suggested to set both the MREG and PREG attributes to 1 when performing multiply functions.
WARNING: [DRC DPOP-2] MREG Output pipelining: DSP dut/tile/fpuOpt/sfma/fma/_T__0 multiplier stage dut/tile/fpuOpt/sfma/fma/_T__0/P[47:0] is not pipelined (MREG=0). Pipelining the multiplier function will improve performance and will save significant power so it is suggested whenever possible to fully pipeline this function.  If this multiplier was inferred, it is suggested to describe an additional register stage after this function.  If there is no registered adder/accumulator following the multiply function, two pipeline stages are suggested to allow both the MREG and PREG registers to be used.  If the DSP48 was instantiated in the design, it is suggested to set both the MREG and PREG attributes to 1 when performing multiply functions.
WARNING: [DRC DPOP-2] MREG Output pipelining: DSP mmio/uart_inst/bridge_inst/reader/lite_packet_size_return multiplier stage mmio/uart_inst/bridge_inst/reader/lite_packet_size_return/P[47:0] is not pipelined (MREG=0). Pipelining the multiplier function will improve performance and will save significant power so it is suggested whenever possible to fully pipeline this function.  If this multiplier was inferred, it is suggested to describe an additional register stage after this function.  If there is no registered adder/accumulator following the multiply function, two pipeline stages are suggested to allow both the MREG and PREG registers to be used.  If the DSP48 was instantiated in the design, it is suggested to set both the MREG and PREG attributes to 1 when performing multiply functions.
WARNING: [DRC DPOP-2] MREG Output pipelining: DSP mmio/uart_inst/bridge_inst/reader/lite_packet_size_return__0 multiplier stage mmio/uart_inst/bridge_inst/reader/lite_packet_size_return__0/P[47:0] is not pipelined (MREG=0). Pipelining the multiplier function will improve performance and will save significant power so it is suggested whenever possible to fully pipeline this function.  If this multiplier was inferred, it is suggested to describe an additional register stage after this function.  If there is no registered adder/accumulator following the multiply function, two pipeline stages are suggested to allow both the MREG and PREG registers to be used.  If the DSP48 was instantiated in the design, it is suggested to set both the MREG and PREG attributes to 1 when performing multiply functions.
WARNING: [DRC DPOP-2] MREG Output pipelining: DSP mmio/uart_inst/bridge_inst/writer/lite_packet_size_return multiplier stage mmio/uart_inst/bridge_inst/writer/lite_packet_size_return/P[47:0] is not pipelined (MREG=0). Pipelining the multiplier function will improve performance and will save significant power so it is suggested whenever possible to fully pipeline this function.  If this multiplier was inferred, it is suggested to describe an additional register stage after this function.  If there is no registered adder/accumulator following the multiply function, two pipeline stages are suggested to allow both the MREG and PREG registers to be used.  If the DSP48 was instantiated in the design, it is suggested to set both the MREG and PREG attributes to 1 when performing multiply functions.
WARNING: [DRC DPOP-2] MREG Output pipelining: DSP mmio/uart_inst/bridge_inst/writer/lite_packet_size_return__0 multiplier stage mmio/uart_inst/bridge_inst/writer/lite_packet_size_return__0/P[47:0] is not pipelined (MREG=0). Pipelining the multiplier function will improve performance and will save significant power so it is suggested whenever possible to fully pipeline this function.  If this multiplier was inferred, it is suggested to describe an additional register stage after this function.  If there is no registered adder/accumulator following the multiply function, two pipeline stages are suggested to allow both the MREG and PREG registers to be used.  If the DSP48 was instantiated in the design, it is suggested to set both the MREG and PREG attributes to 1 when performing multiply functions.
WARNING: [DRC REQP-1571] connects_D: The FDRE cell mmio/uart_inst/uart16550_inst/U0/XUART_I_1/UART16550_I_1/ctsN_d_reg has no driver for the D input pin. To protect against unwanted transitions in all flows, the D input pin is required to have a driver. To resolve this violation, modify the design so that the D input pin has an active signal or constant logic-level tie-off.
WARNING: [DRC REQP-1709] Clock output buffering: PLLE2_ADV connectivity violation. The signal mem/DDR_ctrl/u_mig_7series_0_mig/u_ddr3_infrastructure/pll_clk3_out on the mem/DDR_ctrl/u_mig_7series_0_mig/u_ddr3_infrastructure/plle2_i/CLKOUT3 pin of mem/DDR_ctrl/u_mig_7series_0_mig/u_ddr3_infrastructure/plle2_i does not drive the same kind of BUFFER load as the other CLKOUT pins. Routing from the different buffer types will not be phase aligned.
WARNING: [DRC RTSTAT-10] No routable loads: 45 net(s) have no routable loads. The problem bus(es) and/or net(s) are mem/clk_conv/inst/gen_clock_conv.gen_async_conv.asyncfifo_axi/inst_fifo_gen/gaxi_full_lite.gwrite_ch.gwdch2.axi_wdch/grf.rf/gntv_or_sync_fifo.gl0.rd/gr1.gr1_int.rfwft/aempty_fwft_i, mem/clk_conv/inst/gen_clock_conv.gen_async_conv.asyncfifo_axi/inst_fifo_gen/gaxi_full_lite.gwrite_ch.gwach2.axi_wach/grf.rf/gntv_or_sync_fifo.gl0.rd/gr1.gr1_int.rfwft/aempty_fwft_i, mem/clk_conv/inst/gen_clock_conv.gen_async_conv.asyncfifo_axi/inst_fifo_gen/gaxi_full_lite.gread_ch.grach2.axi_rach/grf.rf/gntv_or_sync_fifo.gl0.rd/gr1.gr1_int.rfwft/aempty_fwft_i, mem/clk_conv/inst/gen_clock_conv.gen_async_conv.asyncfifo_axi/inst_fifo_gen/gaxi_full_lite.gread_ch.grdch2.axi_rdch/grf.rf/gntv_or_sync_fifo.gl0.rd/gr1.gr1_int.rfwft/aempty_fwft_i, mem/clk_conv/inst/gen_clock_conv.gen_async_conv.asyncfifo_axi/inst_fifo_gen/gaxi_full_lite.gwrite_ch.gwrch2.axi_wrch/grf.rf/gntv_or_sync_fifo.gl0.rd/gr1.gr1_int.rfwft/aempty_fwft_i, mem/clk_conv/inst/gen_clock_conv.gen_async_conv.asyncfifo_axi/inst_fifo_gen/gaxi_full_lite.gwrite_ch.gwdch2.axi_wdch/grf.rf/gntv_or_sync_fifo.gl0.rd/gras.rsts/ram_empty_i, mem/clk_conv/inst/gen_clock_conv.gen_async_conv.asyncfifo_axi/inst_fifo_gen/gaxi_full_lite.gwrite_ch.gwach2.axi_wach/grf.rf/gntv_or_sync_fifo.gl0.rd/gras.rsts/ram_empty_i, mem/clk_conv/inst/gen_clock_conv.gen_async_conv.asyncfifo_axi/inst_fifo_gen/gaxi_full_lite.gread_ch.grdch2.axi_rdch/grf.rf/gntv_or_sync_fifo.gl0.rd/gras.rsts/ram_empty_i, mem/clk_conv/inst/gen_clock_conv.gen_async_conv.asyncfifo_axi/inst_fifo_gen/gaxi_full_lite.gread_ch.grach2.axi_rach/grf.rf/gntv_or_sync_fifo.gl0.rd/gras.rsts/ram_empty_i, mem/clk_conv/inst/gen_clock_conv.gen_async_conv.asyncfifo_axi/inst_fifo_gen/gaxi_full_lite.gwrite_ch.gwrch2.axi_wrch/grf.rf/gntv_or_sync_fifo.gl0.rd/gras.rsts/ram_empty_i, mem/clk_conv/inst/gen_clock_conv.gen_async_conv.asyncfifo_axi/inst_fifo_gen/gaxi_full_lite.gwrite_ch.gwach2.axi_wach/grf.rf/rstblk/rd_rst_reg[2:0], mem/clk_conv/inst/gen_clock_conv.gen_async_conv.asyncfifo_axi/inst_fifo_gen/gaxi_full_lite.gread_ch.grach2.axi_rach/grf.rf/rstblk/rd_rst_reg[2:0], mem/clk_conv/inst/gen_clock_conv.gen_async_conv.asyncfifo_axi/inst_fifo_gen/gaxi_full_lite.gwrite_ch.gwrch2.axi_wrch/grf.rf/rstblk/rd_rst_reg[2:0], mem/clk_conv/inst/gen_clock_conv.gen_async_conv.asyncfifo_axi/inst_fifo_gen/gaxi_full_lite.gwrite_ch.gwdch2.axi_wdch/grf.rf/rstblk/rd_rst_reg[2:0], mem/clk_conv/inst/gen_clock_conv.gen_async_conv.asyncfifo_axi/inst_fifo_gen/gaxi_full_lite.gread_ch.grdch2.axi_rdch/grf.rf/rstblk/rd_rst_reg[2:0]... and (the first 15 of 25 listed).
INFO: [Vivado 12-3199] DRC finished with 0 Errors, 33 Warnings
INFO: [Vivado 12-3200] Please refer to the DRC report (report_drc) for more information.
INFO: [Designutils 20-2272] Running write_bitstream with 8 threads.
Loading data files...
Loading site data...
Loading route data...
Processing options...
Creating bitmap...
Creating bitstream...
Writing bitstream ./chip_top.bit...
INFO: [Vivado 12-1842] Bitgen Completed Successfully.
INFO: [Project 1-120] WebTalk data collection is mandatory when using a WebPACK part without a full Vivado license. To see the specific WebTalk data collected for your design, open the usage_statistics_webtalk.html or usage_statistics_webtalk.xml file in the implementation directory.
INFO: [Common 17-186] '/home/wolf/rocket-chip/rocc-accelerator/vivado_project/minisys_with_grh_rocc_64/minisys_with_grh_rocc_64.runs/impl_1/usage_statistics_webtalk.xml' has been successfully sent to Xilinx on Tue May 19 09:40:13 2020. For additional details about this file, please refer to the WebTalk help file at /home/wolf/Vivado/2019.2/doc/webtalk_introduction.html.
INFO: [Common 17-83] Releasing license: Implementation
134 Infos, 42 Warnings, 8 Critical Warnings and 0 Errors encountered.
write_bitstream completed successfully
write_bitstream: Time (s): cpu = 00:01:08 ; elapsed = 00:00:33 . Memory (MB): peak = 5235.348 ; gain = 0.000 ; free physical = 825 ; free virtual = 2369
INFO: [Common 17-206] Exiting Vivado at Tue May 19 09:40:13 2020...
