
*** Running vivado
    with args -log Mul8bit.vds -m64 -product Vivado -mode batch -messageDb vivado.pb -notrace -source Mul8bit.tcl


****** Vivado v2019.2 (64-bit)
  **** SW Build 2708876 on Wed Nov  6 21:39:14 MST 2019
  **** IP Build 2700528 on Thu Nov  7 00:09:20 MST 2019
    ** Copyright 1986-2019 Xilinx, Inc. All Rights Reserved.

source Mul8bit.tcl -notrace
Command: synth_design -top Mul8bit -part xc7a100tfgg484-1 -mode out_of_context
Starting synth_design
Attempting to get a license for feature 'Synthesis' and/or device 'xc7a100t'
INFO: [Common 17-349] Got license for feature 'Synthesis' and/or device 'xc7a100t'
INFO: [Device 21-403] Loading part xc7a100tfgg484-1
INFO: Launching helper process for spawning children vivado processes
INFO: Helper process launched with PID 20292 
---------------------------------------------------------------------------------
Starting RTL Elaboration : Time (s): cpu = 00:00:03 ; elapsed = 00:00:04 . Memory (MB): peak = 1866.457 ; gain = 202.715 ; free physical = 951 ; free virtual = 2999
---------------------------------------------------------------------------------
INFO: [Synth 8-638] synthesizing module 'Mul8bit' [/home/wolf/rocket-chip/rocc-accelerator/vivado_project/minisys_with_grh_rocc_64/minisys_with_grh_rocc_64.srcs/sources_1/ip/Mul8bit/synth/Mul8bit.vhd:70]
WARNING: [Synth 8-5640] Port 'zero_detect' is missing in component declaration [/home/wolf/rocket-chip/rocc-accelerator/vivado_project/minisys_with_grh_rocc_64/minisys_with_grh_rocc_64.srcs/sources_1/ip/Mul8bit/synth/Mul8bit.vhd:73]
WARNING: [Synth 8-5640] Port 'pcasc' is missing in component declaration [/home/wolf/rocket-chip/rocc-accelerator/vivado_project/minisys_with_grh_rocc_64/minisys_with_grh_rocc_64.srcs/sources_1/ip/Mul8bit/synth/Mul8bit.vhd:73]
	Parameter C_VERBOSITY bound to: 0 - type: integer 
	Parameter C_MODEL_TYPE bound to: 0 - type: integer 
	Parameter C_OPTIMIZE_GOAL bound to: 1 - type: integer 
	Parameter C_XDEVICEFAMILY bound to: artix7 - type: string 
	Parameter C_HAS_CE bound to: 1 - type: integer 
	Parameter C_HAS_SCLR bound to: 1 - type: integer 
	Parameter C_LATENCY bound to: 3 - type: integer 
	Parameter C_A_WIDTH bound to: 8 - type: integer 
	Parameter C_A_TYPE bound to: 0 - type: integer 
	Parameter C_B_WIDTH bound to: 8 - type: integer 
	Parameter C_B_TYPE bound to: 0 - type: integer 
	Parameter C_OUT_HIGH bound to: 15 - type: integer 
	Parameter C_OUT_LOW bound to: 0 - type: integer 
	Parameter C_MULT_TYPE bound to: 1 - type: integer 
	Parameter C_CE_OVERRIDES_SCLR bound to: 0 - type: integer 
	Parameter C_CCM_IMP bound to: 0 - type: integer 
	Parameter C_B_VALUE bound to: 10000001 - type: string 
	Parameter C_HAS_ZERO_DETECT bound to: 0 - type: integer 
	Parameter C_ROUND_OUTPUT bound to: 0 - type: integer 
	Parameter C_ROUND_PT bound to: 0 - type: integer 
INFO: [Synth 8-3491] module 'mult_gen_v12_0_16' declared at '/home/wolf/rocket-chip/rocc-accelerator/vivado_project/minisys_with_grh_rocc_64/minisys_with_grh_rocc_64.srcs/sources_1/ip/Mul8bit/hdl/mult_gen_v12_0_vh_rfs.vhd:21013' bound to instance 'U0' of component 'mult_gen_v12_0_16' [/home/wolf/rocket-chip/rocc-accelerator/vivado_project/minisys_with_grh_rocc_64/minisys_with_grh_rocc_64.srcs/sources_1/ip/Mul8bit/synth/Mul8bit.vhd:126]
WARNING: [Synth 8-5974] attribute "use_dsp48" has been deprecated, please use "use_dsp" instead 
INFO: [Synth 8-256] done synthesizing module 'Mul8bit' (6#1) [/home/wolf/rocket-chip/rocc-accelerator/vivado_project/minisys_with_grh_rocc_64/minisys_with_grh_rocc_64.srcs/sources_1/ip/Mul8bit/synth/Mul8bit.vhd:70]
WARNING: [Synth 8-3331] design delay_line has unconnected port CLK
WARNING: [Synth 8-3331] design delay_line has unconnected port CE
WARNING: [Synth 8-3331] design delay_line has unconnected port SCLR
WARNING: [Synth 8-3331] design dsp has unconnected port C_PORT[47]
WARNING: [Synth 8-3331] design dsp has unconnected port C_PORT[46]
WARNING: [Synth 8-3331] design dsp has unconnected port C_PORT[45]
WARNING: [Synth 8-3331] design dsp has unconnected port C_PORT[44]
WARNING: [Synth 8-3331] design dsp has unconnected port C_PORT[43]
WARNING: [Synth 8-3331] design dsp has unconnected port C_PORT[42]
WARNING: [Synth 8-3331] design dsp has unconnected port C_PORT[41]
WARNING: [Synth 8-3331] design dsp has unconnected port C_PORT[40]
WARNING: [Synth 8-3331] design dsp has unconnected port C_PORT[39]
WARNING: [Synth 8-3331] design dsp has unconnected port C_PORT[38]
WARNING: [Synth 8-3331] design dsp has unconnected port C_PORT[37]
WARNING: [Synth 8-3331] design dsp has unconnected port C_PORT[36]
WARNING: [Synth 8-3331] design dsp has unconnected port C_PORT[35]
WARNING: [Synth 8-3331] design dsp has unconnected port C_PORT[34]
WARNING: [Synth 8-3331] design dsp has unconnected port C_PORT[33]
WARNING: [Synth 8-3331] design dsp has unconnected port C_PORT[32]
WARNING: [Synth 8-3331] design dsp has unconnected port C_PORT[31]
WARNING: [Synth 8-3331] design dsp has unconnected port C_PORT[30]
WARNING: [Synth 8-3331] design dsp has unconnected port C_PORT[29]
WARNING: [Synth 8-3331] design dsp has unconnected port C_PORT[28]
WARNING: [Synth 8-3331] design dsp has unconnected port C_PORT[27]
WARNING: [Synth 8-3331] design dsp has unconnected port C_PORT[26]
WARNING: [Synth 8-3331] design dsp has unconnected port C_PORT[25]
WARNING: [Synth 8-3331] design dsp has unconnected port C_PORT[24]
WARNING: [Synth 8-3331] design dsp has unconnected port C_PORT[23]
WARNING: [Synth 8-3331] design dsp has unconnected port C_PORT[22]
WARNING: [Synth 8-3331] design dsp has unconnected port C_PORT[21]
WARNING: [Synth 8-3331] design dsp has unconnected port C_PORT[20]
WARNING: [Synth 8-3331] design dsp has unconnected port C_PORT[19]
WARNING: [Synth 8-3331] design dsp has unconnected port C_PORT[18]
WARNING: [Synth 8-3331] design dsp has unconnected port C_PORT[17]
WARNING: [Synth 8-3331] design dsp has unconnected port C_PORT[16]
WARNING: [Synth 8-3331] design dsp has unconnected port C_PORT[15]
WARNING: [Synth 8-3331] design dsp has unconnected port C_PORT[14]
WARNING: [Synth 8-3331] design dsp has unconnected port C_PORT[13]
WARNING: [Synth 8-3331] design dsp has unconnected port C_PORT[12]
WARNING: [Synth 8-3331] design dsp has unconnected port C_PORT[11]
WARNING: [Synth 8-3331] design dsp has unconnected port C_PORT[10]
WARNING: [Synth 8-3331] design dsp has unconnected port C_PORT[9]
WARNING: [Synth 8-3331] design dsp has unconnected port C_PORT[8]
WARNING: [Synth 8-3331] design dsp has unconnected port C_PORT[7]
WARNING: [Synth 8-3331] design dsp has unconnected port C_PORT[6]
WARNING: [Synth 8-3331] design dsp has unconnected port C_PORT[5]
WARNING: [Synth 8-3331] design dsp has unconnected port C_PORT[4]
WARNING: [Synth 8-3331] design dsp has unconnected port C_PORT[3]
WARNING: [Synth 8-3331] design dsp has unconnected port C_PORT[2]
WARNING: [Synth 8-3331] design dsp has unconnected port C_PORT[1]
WARNING: [Synth 8-3331] design dsp has unconnected port C_PORT[0]
WARNING: [Synth 8-3331] design dsp has unconnected port D_PORT[24]
WARNING: [Synth 8-3331] design dsp has unconnected port D_PORT[23]
WARNING: [Synth 8-3331] design dsp has unconnected port D_PORT[22]
WARNING: [Synth 8-3331] design dsp has unconnected port D_PORT[21]
WARNING: [Synth 8-3331] design dsp has unconnected port D_PORT[20]
WARNING: [Synth 8-3331] design dsp has unconnected port D_PORT[19]
WARNING: [Synth 8-3331] design dsp has unconnected port D_PORT[18]
WARNING: [Synth 8-3331] design dsp has unconnected port D_PORT[17]
WARNING: [Synth 8-3331] design dsp has unconnected port D_PORT[16]
WARNING: [Synth 8-3331] design dsp has unconnected port D_PORT[15]
WARNING: [Synth 8-3331] design dsp has unconnected port D_PORT[14]
WARNING: [Synth 8-3331] design dsp has unconnected port D_PORT[13]
WARNING: [Synth 8-3331] design dsp has unconnected port D_PORT[12]
WARNING: [Synth 8-3331] design dsp has unconnected port D_PORT[11]
WARNING: [Synth 8-3331] design dsp has unconnected port D_PORT[10]
WARNING: [Synth 8-3331] design dsp has unconnected port D_PORT[9]
WARNING: [Synth 8-3331] design dsp has unconnected port D_PORT[8]
WARNING: [Synth 8-3331] design dsp has unconnected port D_PORT[7]
WARNING: [Synth 8-3331] design dsp has unconnected port D_PORT[6]
WARNING: [Synth 8-3331] design dsp has unconnected port D_PORT[5]
WARNING: [Synth 8-3331] design dsp has unconnected port D_PORT[4]
WARNING: [Synth 8-3331] design dsp has unconnected port D_PORT[3]
WARNING: [Synth 8-3331] design dsp has unconnected port D_PORT[2]
WARNING: [Synth 8-3331] design dsp has unconnected port D_PORT[1]
WARNING: [Synth 8-3331] design dsp has unconnected port D_PORT[0]
WARNING: [Synth 8-3331] design dsp has unconnected port SUBTRACT
WARNING: [Synth 8-3331] design dsp has unconnected port CARRY_IN
WARNING: [Synth 8-3331] design dsp has unconnected port PCASC_IN[47]
WARNING: [Synth 8-3331] design dsp has unconnected port PCASC_IN[46]
WARNING: [Synth 8-3331] design dsp has unconnected port PCASC_IN[45]
WARNING: [Synth 8-3331] design dsp has unconnected port PCASC_IN[44]
WARNING: [Synth 8-3331] design dsp has unconnected port PCASC_IN[43]
WARNING: [Synth 8-3331] design dsp has unconnected port PCASC_IN[42]
WARNING: [Synth 8-3331] design dsp has unconnected port PCASC_IN[41]
WARNING: [Synth 8-3331] design dsp has unconnected port PCASC_IN[40]
WARNING: [Synth 8-3331] design dsp has unconnected port PCASC_IN[39]
WARNING: [Synth 8-3331] design dsp has unconnected port PCASC_IN[38]
WARNING: [Synth 8-3331] design dsp has unconnected port PCASC_IN[37]
WARNING: [Synth 8-3331] design dsp has unconnected port PCASC_IN[36]
WARNING: [Synth 8-3331] design dsp has unconnected port PCASC_IN[35]
WARNING: [Synth 8-3331] design dsp has unconnected port PCASC_IN[34]
WARNING: [Synth 8-3331] design dsp has unconnected port PCASC_IN[33]
WARNING: [Synth 8-3331] design dsp has unconnected port PCASC_IN[32]
WARNING: [Synth 8-3331] design dsp has unconnected port PCASC_IN[31]
WARNING: [Synth 8-3331] design dsp has unconnected port PCASC_IN[30]
WARNING: [Synth 8-3331] design dsp has unconnected port PCASC_IN[29]
WARNING: [Synth 8-3331] design dsp has unconnected port PCASC_IN[28]
WARNING: [Synth 8-3331] design dsp has unconnected port PCASC_IN[27]
WARNING: [Synth 8-3331] design dsp has unconnected port PCASC_IN[26]
INFO: [Common 17-14] Message 'Synth 8-3331' appears 100 times and further instances of the messages will be disabled. Use the Tcl command set_msg_config to change the current settings.
---------------------------------------------------------------------------------
Finished RTL Elaboration : Time (s): cpu = 00:00:04 ; elapsed = 00:00:06 . Memory (MB): peak = 1951.176 ; gain = 287.434 ; free physical = 977 ; free virtual = 3027
---------------------------------------------------------------------------------

Report Check Netlist: 
+------+------------------+-------+---------+-------+------------------+
|      |Item              |Errors |Warnings |Status |Description       |
+------+------------------+-------+---------+-------+------------------+
|1     |multi_driven_nets |      0|        0|Passed |Multi driven nets |
+------+------------------+-------+---------+-------+------------------+
---------------------------------------------------------------------------------
Start Handling Custom Attributes
---------------------------------------------------------------------------------
---------------------------------------------------------------------------------
Finished Handling Custom Attributes : Time (s): cpu = 00:00:05 ; elapsed = 00:00:07 . Memory (MB): peak = 1951.176 ; gain = 287.434 ; free physical = 973 ; free virtual = 3023
---------------------------------------------------------------------------------
---------------------------------------------------------------------------------
Finished RTL Optimization Phase 1 : Time (s): cpu = 00:00:05 ; elapsed = 00:00:07 . Memory (MB): peak = 1951.176 ; gain = 287.434 ; free physical = 973 ; free virtual = 3023
---------------------------------------------------------------------------------
Netlist sorting complete. Time (s): cpu = 00:00:00 ; elapsed = 00:00:00 . Memory (MB): peak = 1951.176 ; gain = 0.000 ; free physical = 966 ; free virtual = 3016
INFO: [Project 1-570] Preparing netlist for logic optimization

Processing XDC Constraints
Initializing timing engine
Parsing XDC File [/home/wolf/rocket-chip/rocc-accelerator/vivado_project/minisys_with_grh_rocc_64/minisys_with_grh_rocc_64.srcs/sources_1/ip/Mul8bit/Mul8bit_ooc.xdc] for cell 'U0'
Finished Parsing XDC File [/home/wolf/rocket-chip/rocc-accelerator/vivado_project/minisys_with_grh_rocc_64/minisys_with_grh_rocc_64.srcs/sources_1/ip/Mul8bit/Mul8bit_ooc.xdc] for cell 'U0'
Parsing XDC File [/home/wolf/rocket-chip/rocc-accelerator/vivado_project/minisys_with_grh_rocc_64/minisys_with_grh_rocc_64.runs/Mul8bit_synth_1/dont_touch.xdc]
Finished Parsing XDC File [/home/wolf/rocket-chip/rocc-accelerator/vivado_project/minisys_with_grh_rocc_64/minisys_with_grh_rocc_64.runs/Mul8bit_synth_1/dont_touch.xdc]
Completed Processing XDC Constraints

Netlist sorting complete. Time (s): cpu = 00:00:00 ; elapsed = 00:00:00 . Memory (MB): peak = 2111.988 ; gain = 0.000 ; free physical = 885 ; free virtual = 2935
INFO: [Project 1-111] Unisim Transformation Summary:
No Unisim elements were transformed.

Constraint Validation Runtime : Time (s): cpu = 00:00:00.01 ; elapsed = 00:00:00.03 . Memory (MB): peak = 2111.988 ; gain = 0.000 ; free physical = 885 ; free virtual = 2936
---------------------------------------------------------------------------------
Finished Constraint Validation : Time (s): cpu = 00:00:09 ; elapsed = 00:00:12 . Memory (MB): peak = 2111.988 ; gain = 448.246 ; free physical = 949 ; free virtual = 2999
---------------------------------------------------------------------------------
---------------------------------------------------------------------------------
Start Loading Part and Timing Information
---------------------------------------------------------------------------------
Loading part: xc7a100tfgg484-1
---------------------------------------------------------------------------------
Finished Loading Part and Timing Information : Time (s): cpu = 00:00:09 ; elapsed = 00:00:12 . Memory (MB): peak = 2111.988 ; gain = 448.246 ; free physical = 949 ; free virtual = 2999
---------------------------------------------------------------------------------
---------------------------------------------------------------------------------
Start Applying 'set_property' XDC Constraints
---------------------------------------------------------------------------------
Applied set_property DONT_TOUCH = true for U0. (constraint file  /home/wolf/rocket-chip/rocc-accelerator/vivado_project/minisys_with_grh_rocc_64/minisys_with_grh_rocc_64.runs/Mul8bit_synth_1/dont_touch.xdc, line 9).
---------------------------------------------------------------------------------
Finished applying 'set_property' XDC Constraints : Time (s): cpu = 00:00:09 ; elapsed = 00:00:12 . Memory (MB): peak = 2111.988 ; gain = 448.246 ; free physical = 949 ; free virtual = 2999
---------------------------------------------------------------------------------
---------------------------------------------------------------------------------
Finished RTL Optimization Phase 2 : Time (s): cpu = 00:00:09 ; elapsed = 00:00:12 . Memory (MB): peak = 2111.988 ; gain = 448.246 ; free physical = 950 ; free virtual = 3001
---------------------------------------------------------------------------------

Report RTL Partitions: 
+-+--------------+------------+----------+
| |RTL Partition |Replication |Instances |
+-+--------------+------------+----------+
+-+--------------+------------+----------+
---------------------------------------------------------------------------------
Start RTL Component Statistics 
---------------------------------------------------------------------------------
---------------------------------------------------------------------------------
Finished RTL Component Statistics 
---------------------------------------------------------------------------------
---------------------------------------------------------------------------------
Start RTL Hierarchical Component Statistics 
---------------------------------------------------------------------------------
---------------------------------------------------------------------------------
Finished RTL Hierarchical Component Statistics
---------------------------------------------------------------------------------
---------------------------------------------------------------------------------
Start Part Resource Summary
---------------------------------------------------------------------------------
Part Resources:
DSPs: 240 (col length:80)
BRAMs: 270 (col length: RAMB18 80 RAMB36 40)
---------------------------------------------------------------------------------
Finished Part Resource Summary
---------------------------------------------------------------------------------
---------------------------------------------------------------------------------
Start Cross Boundary and Area Optimization
---------------------------------------------------------------------------------
Warning: Parallel synthesis criteria is not met 
---------------------------------------------------------------------------------
Finished Cross Boundary and Area Optimization : Time (s): cpu = 00:00:09 ; elapsed = 00:00:13 . Memory (MB): peak = 2111.988 ; gain = 448.246 ; free physical = 928 ; free virtual = 2982
---------------------------------------------------------------------------------

Report RTL Partitions: 
+-+--------------+------------+----------+
| |RTL Partition |Replication |Instances |
+-+--------------+------------+----------+
+-+--------------+------------+----------+
---------------------------------------------------------------------------------
Start Applying XDC Timing Constraints
---------------------------------------------------------------------------------
---------------------------------------------------------------------------------
Finished Applying XDC Timing Constraints : Time (s): cpu = 00:00:15 ; elapsed = 00:00:19 . Memory (MB): peak = 2111.988 ; gain = 448.246 ; free physical = 742 ; free virtual = 2796
---------------------------------------------------------------------------------
---------------------------------------------------------------------------------
Start Timing Optimization
---------------------------------------------------------------------------------
---------------------------------------------------------------------------------
Finished Timing Optimization : Time (s): cpu = 00:00:15 ; elapsed = 00:00:19 . Memory (MB): peak = 2111.988 ; gain = 448.246 ; free physical = 741 ; free virtual = 2796
---------------------------------------------------------------------------------

Report RTL Partitions: 
+-+--------------+------------+----------+
| |RTL Partition |Replication |Instances |
+-+--------------+------------+----------+
+-+--------------+------------+----------+
---------------------------------------------------------------------------------
Start Technology Mapping
---------------------------------------------------------------------------------
---------------------------------------------------------------------------------
Finished Technology Mapping : Time (s): cpu = 00:00:15 ; elapsed = 00:00:19 . Memory (MB): peak = 2111.988 ; gain = 448.246 ; free physical = 740 ; free virtual = 2794
---------------------------------------------------------------------------------

Report RTL Partitions: 
+-+--------------+------------+----------+
| |RTL Partition |Replication |Instances |
+-+--------------+------------+----------+
+-+--------------+------------+----------+
---------------------------------------------------------------------------------
Start IO Insertion
---------------------------------------------------------------------------------
---------------------------------------------------------------------------------
Start Flattening Before IO Insertion
---------------------------------------------------------------------------------
---------------------------------------------------------------------------------
Finished Flattening Before IO Insertion
---------------------------------------------------------------------------------
---------------------------------------------------------------------------------
Start Final Netlist Cleanup
---------------------------------------------------------------------------------
---------------------------------------------------------------------------------
Finished Final Netlist Cleanup
---------------------------------------------------------------------------------
---------------------------------------------------------------------------------
Finished IO Insertion : Time (s): cpu = 00:00:17 ; elapsed = 00:00:22 . Memory (MB): peak = 2111.988 ; gain = 448.246 ; free physical = 766 ; free virtual = 2820
---------------------------------------------------------------------------------
---------------------------------------------------------------------------------
Start Renaming Generated Instances
---------------------------------------------------------------------------------
---------------------------------------------------------------------------------
Finished Renaming Generated Instances : Time (s): cpu = 00:00:17 ; elapsed = 00:00:22 . Memory (MB): peak = 2111.988 ; gain = 448.246 ; free physical = 766 ; free virtual = 2820
---------------------------------------------------------------------------------

Report RTL Partitions: 
+-+--------------+------------+----------+
| |RTL Partition |Replication |Instances |
+-+--------------+------------+----------+
+-+--------------+------------+----------+

Report Check Netlist: 
+------+------------------+-------+---------+-------+------------------+
|      |Item              |Errors |Warnings |Status |Description       |
+------+------------------+-------+---------+-------+------------------+
|1     |multi_driven_nets |      0|        0|Passed |Multi driven nets |
+------+------------------+-------+---------+-------+------------------+
---------------------------------------------------------------------------------
Start Rebuilding User Hierarchy
---------------------------------------------------------------------------------
---------------------------------------------------------------------------------
Finished Rebuilding User Hierarchy : Time (s): cpu = 00:00:17 ; elapsed = 00:00:22 . Memory (MB): peak = 2111.988 ; gain = 448.246 ; free physical = 766 ; free virtual = 2820
---------------------------------------------------------------------------------
---------------------------------------------------------------------------------
Start Renaming Generated Ports
---------------------------------------------------------------------------------
---------------------------------------------------------------------------------
Finished Renaming Generated Ports : Time (s): cpu = 00:00:17 ; elapsed = 00:00:22 . Memory (MB): peak = 2111.988 ; gain = 448.246 ; free physical = 766 ; free virtual = 2820
---------------------------------------------------------------------------------
---------------------------------------------------------------------------------
Start Handling Custom Attributes
---------------------------------------------------------------------------------
---------------------------------------------------------------------------------
Finished Handling Custom Attributes : Time (s): cpu = 00:00:17 ; elapsed = 00:00:22 . Memory (MB): peak = 2111.988 ; gain = 448.246 ; free physical = 766 ; free virtual = 2820
---------------------------------------------------------------------------------
---------------------------------------------------------------------------------
Start Renaming Generated Nets
---------------------------------------------------------------------------------
---------------------------------------------------------------------------------
Finished Renaming Generated Nets : Time (s): cpu = 00:00:17 ; elapsed = 00:00:22 . Memory (MB): peak = 2111.988 ; gain = 448.246 ; free physical = 766 ; free virtual = 2820
---------------------------------------------------------------------------------
---------------------------------------------------------------------------------
Start Writing Synthesis Report
---------------------------------------------------------------------------------

Report BlackBoxes: 
+-+--------------+----------+
| |BlackBox name |Instances |
+-+--------------+----------+
+-+--------------+----------+

Report Cell Usage: 
+------+--------+------+
|      |Cell    |Count |
+------+--------+------+
|1     |DSP48E1 |     1|
+------+--------+------+
---------------------------------------------------------------------------------
Finished Writing Synthesis Report : Time (s): cpu = 00:00:17 ; elapsed = 00:00:22 . Memory (MB): peak = 2111.988 ; gain = 448.246 ; free physical = 766 ; free virtual = 2820
---------------------------------------------------------------------------------
Synthesis finished with 0 errors, 0 critical warnings and 0 warnings.
Synthesis Optimization Runtime : Time (s): cpu = 00:00:16 ; elapsed = 00:00:20 . Memory (MB): peak = 2111.988 ; gain = 287.434 ; free physical = 829 ; free virtual = 2883
Synthesis Optimization Complete : Time (s): cpu = 00:00:17 ; elapsed = 00:00:22 . Memory (MB): peak = 2111.988 ; gain = 448.246 ; free physical = 829 ; free virtual = 2883
INFO: [Project 1-571] Translating synthesized netlist
Netlist sorting complete. Time (s): cpu = 00:00:00 ; elapsed = 00:00:00 . Memory (MB): peak = 2111.988 ; gain = 0.000 ; free physical = 894 ; free virtual = 2949
INFO: [Netlist 29-17] Analyzing 1 Unisim elements for replacement
INFO: [Netlist 29-28] Unisim Transformation completed in 0 CPU seconds
INFO: [Project 1-570] Preparing netlist for logic optimization
INFO: [Opt 31-138] Pushed 0 inverter(s) to 0 load pin(s).
Netlist sorting complete. Time (s): cpu = 00:00:00 ; elapsed = 00:00:00 . Memory (MB): peak = 2111.988 ; gain = 0.000 ; free physical = 840 ; free virtual = 2894
INFO: [Project 1-111] Unisim Transformation Summary:
No Unisim elements were transformed.

INFO: [Common 17-83] Releasing license: Synthesis
15 Infos, 103 Warnings, 0 Critical Warnings and 0 Errors encountered.
synth_design completed successfully
synth_design: Time (s): cpu = 00:00:22 ; elapsed = 00:00:29 . Memory (MB): peak = 2111.988 ; gain = 651.383 ; free physical = 976 ; free virtual = 3031
Netlist sorting complete. Time (s): cpu = 00:00:00 ; elapsed = 00:00:00 . Memory (MB): peak = 2111.988 ; gain = 0.000 ; free physical = 976 ; free virtual = 3031
WARNING: [Constraints 18-5210] No constraints selected for write.
Resolution: This message can indicate that there are no constraints for the design, or it can indicate that the used_in flags are set such that the constraints are ignored. This later case is used when running synth_design to not write synthesis constraints to the resulting checkpoint. Instead, project constraints are read when the synthesized design is opened.
INFO: [Common 17-1381] The checkpoint '/home/wolf/rocket-chip/rocc-accelerator/vivado_project/minisys_with_grh_rocc_64/minisys_with_grh_rocc_64.runs/Mul8bit_synth_1/Mul8bit.dcp' has been generated.
WARNING: [Common 17-576] 'use_project_ipc' is deprecated. This option is deprecated and no longer used.
INFO: [Coretcl 2-1648] Added synthesis output to IP cache for IP Mul8bit, cache-ID = 05d63127766e9257
INFO: [Coretcl 2-1174] Renamed 3 cell refs.
Netlist sorting complete. Time (s): cpu = 00:00:00 ; elapsed = 00:00:00 . Memory (MB): peak = 2111.988 ; gain = 0.000 ; free physical = 968 ; free virtual = 3023
WARNING: [Constraints 18-5210] No constraints selected for write.
Resolution: This message can indicate that there are no constraints for the design, or it can indicate that the used_in flags are set such that the constraints are ignored. This later case is used when running synth_design to not write synthesis constraints to the resulting checkpoint. Instead, project constraints are read when the synthesized design is opened.
INFO: [Common 17-1381] The checkpoint '/home/wolf/rocket-chip/rocc-accelerator/vivado_project/minisys_with_grh_rocc_64/minisys_with_grh_rocc_64.runs/Mul8bit_synth_1/Mul8bit.dcp' has been generated.
INFO: [runtcl-4] Executing : report_utilization -file Mul8bit_utilization_synth.rpt -pb Mul8bit_utilization_synth.pb
INFO: [Common 17-206] Exiting Vivado at Sat May 16 20:29:54 2020...
